2026-02-12 15:04:36,647 - [FLAG_PUB:Akashs-MacBook-Pro.local-motion] Listening on tcp://*:5556
2026-02-12 15:04:36,647 - [IMAGE_PUB:Akashs-MacBook-Pro.local-motion] Listening on tcp://*:5557
2026-02-12 15:04:36,647 - [PUB:Akashs-MacBook-Pro.local-motion] Local IP: 130.231.169.240
2026-02-12 15:04:39,346 - Starting motion detection... Press Ctrl+C to stop.
2026-02-12 15:04:55,585 - Akashs-MacBook-Pro.local-motion triggered motion event at 15:04:55.582278 and published image (86.91 KB)
2026-02-12 15:05:04,095 - Akashs-MacBook-Pro.local-motion triggered motion event at 15:05:04.092739 and published image (72.77 KB)
2026-02-12 15:05:04,595 - Akashs-MacBook-Pro.local-motion triggered motion event at 15:05:04.593595 and published image (73.35 KB)
2026-02-12 15:05:05,392 - Akashs-MacBook-Pro.local-motion triggered motion event at 15:05:05.389967 and published image (77.34 KB)
2026-02-12 15:05:06,588 - Akashs-MacBook-Pro.local-motion triggered motion event at 15:05:06.585769 and published image (83.30 KB)
2026-02-12 15:05:08,097 - Akashs-MacBook-Pro.local-motion triggered motion event at 15:05:08.094763 and published image (84.65 KB)
2026-02-12 15:05:19,685 - Akashs-MacBook-Pro.local-motion triggered motion event at 15:05:19.683240 and published image (94.44 KB)
2026-02-12 15:05:20,580 - Akashs-MacBook-Pro.local-motion triggered motion event at 15:05:20.578336 and published image (96.15 KB)
2026-02-12 15:05:28,384 - Akashs-MacBook-Pro.local-motion triggered motion event at 15:05:28.383490 and published image (80.34 KB)
2026-02-12 15:05:30,095 - Akashs-MacBook-Pro.local-motion triggered motion event at 15:05:30.092805 and published image (88.25 KB)
2026-02-12 15:05:31,501 - Akashs-MacBook-Pro.local-motion triggered motion event at 15:05:31.498640 and published image (80.06 KB)
2026-02-12 15:05:41,991 - Akashs-MacBook-Pro.local-motion triggered motion event at 15:05:41.989367 and published image (78.63 KB)
2026-02-12 15:05:44,399 - Akashs-MacBook-Pro.local-motion triggered motion event at 15:05:44.396964 and published image (81.98 KB)
2026-02-12 15:05:45,192 - Akashs-MacBook-Pro.local-motion triggered motion event at 15:05:45.190375 and published image (32.23 KB)
2026-02-12 15:05:45,691 - Akashs-MacBook-Pro.local-motion triggered motion event at 15:05:45.690645 and published image (27.77 KB)
2026-02-12 15:05:53,999 - Akashs-MacBook-Pro.local-motion triggered motion event at 15:05:53.996930 and published image (94.08 KB)
2026-02-12 15:06:51,895 - Akashs-MacBook-Pro.local-motion triggered motion event at 15:06:51.894172 and published image (91.23 KB)
2026-02-12 15:06:53,270 - Akashs-MacBook-Pro.local-motion triggered motion event at 15:06:53.268378 and published image (90.26 KB)
2026-02-12 15:07:00,973 - Akashs-MacBook-Pro.local-motion triggered motion event at 15:07:00.971141 and published image (85.83 KB)
2026-02-12 15:07:08,972 - Akashs-MacBook-Pro.local-motion triggered motion event at 15:07:08.969813 and published image (82.83 KB)
2026-02-12 15:07:09,267 - Akashs-MacBook-Pro.local-motion triggered motion event at 15:07:09.264332 and published image (77.21 KB)
2026-02-12 15:07:19,779 - Akashs-MacBook-Pro.local-motion triggered motion event at 15:07:19.776517 and published image (86.89 KB)
2026-02-12 15:07:26,664 - Akashs-MacBook-Pro.local-motion triggered motion event at 15:07:26.662512 and published image (83.94 KB)
2026-02-12 15:07:29,260 - Akashs-MacBook-Pro.local-motion triggered motion event at 15:07:29.257371 and published image (79.69 KB)
2026-02-12 15:07:30,562 - Akashs-MacBook-Pro.local-motion triggered motion event at 15:07:30.560013 and published image (89.58 KB)
2026-02-12 15:07:31,883 - Akashs-MacBook-Pro.local-motion triggered motion event at 15:07:31.881284 and published image (92.90 KB)
2026-02-12 15:07:38,681 - Akashs-MacBook-Pro.local-motion triggered motion event at 15:07:38.679018 and published image (86.24 KB)
2026-02-12 15:07:42,679 - Akashs-MacBook-Pro.local-motion triggered motion event at 15:07:42.677276 and published image (86.30 KB)
2026-02-12 15:07:45,581 - Akashs-MacBook-Pro.local-motion triggered motion event at 15:07:45.578725 and published image (81.69 KB)
2026-02-12 15:07:48,276 - Akashs-MacBook-Pro.local-motion triggered motion event at 15:07:48.274329 and published image (82.76 KB)
2026-02-12 15:07:49,781 - Akashs-MacBook-Pro.local-motion triggered motion event at 15:07:49.779131 and published image (80.39 KB)
2026-02-12 15:08:09,960 - Akashs-MacBook-Pro.local-motion triggered motion event at 15:08:09.957724 and published image (87.39 KB)
2026-02-12 15:08:10,361 - Akashs-MacBook-Pro.local-motion triggered motion event at 15:08:10.358704 and published image (89.12 KB)
2026-02-12 15:08:11,268 - Akashs-MacBook-Pro.local-motion triggered motion event at 15:08:11.265796 and published image (90.37 KB)
2026-02-12 15:08:13,674 - Akashs-MacBook-Pro.local-motion triggered motion event at 15:08:13.671652 and published image (79.24 KB)
2026-02-12 15:08:15,583 - Akashs-MacBook-Pro.local-motion triggered motion event at 15:08:15.581461 and published image (82.35 KB)
2026-02-12 15:08:25,068 - User stopped motion detection with Ctrl+C.
2026-02-12 15:10:29,724 - [FLAG_PUB:Akashs-MacBook-Pro.local-motion] Listening on tcp://*:5556
2026-02-12 15:10:29,724 - [IMAGE_PUB:Akashs-MacBook-Pro.local-motion] Listening on tcp://*:5557
2026-02-12 15:10:29,724 - [PUB:Akashs-MacBook-Pro.local-motion] Local IP: 130.231.169.240
2026-02-12 15:10:34,862 - Starting motion detection... Press Ctrl+C to stop.
2026-02-12 15:10:44,697 - Akashs-MacBook-Pro.local-motion triggered motion event at 15:10:44.694098 and published image (91.02 KB)
2026-02-12 15:10:45,098 - Akashs-MacBook-Pro.local-motion triggered motion event at 15:10:45.096270 and published image (87.55 KB)
2026-02-12 15:10:47,178 - Akashs-MacBook-Pro.local-motion triggered motion event at 15:10:47.176556 and published image (83.07 KB)
2026-02-12 15:10:47,781 - Akashs-MacBook-Pro.local-motion triggered motion event at 15:10:47.778923 and published image (88.07 KB)
2026-02-12 15:10:49,607 - Akashs-MacBook-Pro.local-motion triggered motion event at 15:10:49.604691 and published image (87.53 KB)
2026-02-12 15:10:50,403 - Akashs-MacBook-Pro.local-motion triggered motion event at 15:10:50.400573 and published image (86.86 KB)
2026-02-12 15:10:52,381 - Akashs-MacBook-Pro.local-motion triggered motion event at 15:10:52.378089 and published image (90.87 KB)
2026-02-12 15:10:52,697 - Akashs-MacBook-Pro.local-motion triggered motion event at 15:10:52.694925 and published image (89.33 KB)
2026-02-12 15:10:55,794 - Akashs-MacBook-Pro.local-motion triggered motion event at 15:10:55.792023 and published image (85.84 KB)
2026-02-12 15:10:55,994 - Akashs-MacBook-Pro.local-motion triggered motion event at 15:10:55.991587 and published image (85.42 KB)
2026-02-12 15:11:01,297 - Akashs-MacBook-Pro.local-motion triggered motion event at 15:11:01.294834 and published image (82.73 KB)
2026-02-12 15:11:01,605 - Akashs-MacBook-Pro.local-motion triggered motion event at 15:11:01.602930 and published image (79.63 KB)
2026-02-12 15:11:02,595 - Akashs-MacBook-Pro.local-motion triggered motion event at 15:11:02.593280 and published image (82.70 KB)
2026-02-12 15:11:10,299 - Akashs-MacBook-Pro.local-motion triggered motion event at 15:11:10.297323 and published image (87.04 KB)
2026-02-12 15:11:11,188 - Akashs-MacBook-Pro.local-motion triggered motion event at 15:11:11.186105 and published image (80.35 KB)
2026-02-12 15:11:15,678 - Akashs-MacBook-Pro.local-motion triggered motion event at 15:11:15.677349 and published image (91.47 KB)
2026-02-12 15:11:16,159 - User stopped motion detection with Ctrl+C.
2026-02-12 15:16:42,599 - [FLAG_PUB:Akashs-MacBook-Pro.local-motion] Listening on tcp://*:5556
2026-02-12 15:16:42,599 - [IMAGE_PUB:Akashs-MacBook-Pro.local-motion] Listening on tcp://*:5557
2026-02-12 15:16:42,599 - [PUB:Akashs-MacBook-Pro.local-motion] Local IP: 130.231.169.240
2026-02-12 15:16:47,763 - Starting motion detection... Press Ctrl+C to stop.
2026-02-12 15:16:54,918 - Akashs-MacBook-Pro.local-motion triggered motion event at 15:16:54.911045 and published image (83.97 KB)
2026-02-12 15:17:02,109 - Akashs-MacBook-Pro.local-motion triggered motion event at 15:17:02.106797 and published image (83.78 KB)
2026-02-12 15:17:02,516 - Akashs-MacBook-Pro.local-motion triggered motion event at 15:17:02.513951 and published image (83.10 KB)
2026-02-12 15:17:10,421 - Akashs-MacBook-Pro.local-motion triggered motion event at 15:17:10.418925 and published image (88.65 KB)
2026-02-12 15:17:17,311 - Akashs-MacBook-Pro.local-motion triggered motion event at 15:17:17.309403 and published image (90.42 KB)
2026-02-12 15:17:22,109 - Akashs-MacBook-Pro.local-motion triggered motion event at 15:17:22.107386 and published image (80.61 KB)
2026-02-12 15:17:24,517 - Akashs-MacBook-Pro.local-motion triggered motion event at 15:17:24.514159 and published image (85.17 KB)
2026-02-12 15:17:25,620 - Akashs-MacBook-Pro.local-motion triggered motion event at 15:17:25.618208 and published image (77.39 KB)
2026-02-12 15:17:26,609 - Akashs-MacBook-Pro.local-motion triggered motion event at 15:17:26.606627 and published image (82.13 KB)
2026-02-12 15:17:33,897 - Akashs-MacBook-Pro.local-motion triggered motion event at 15:17:33.894976 and published image (99.86 KB)
2026-02-12 15:17:40,000 - Akashs-MacBook-Pro.local-motion triggered motion event at 15:17:39.998028 and published image (86.60 KB)
2026-02-12 15:17:42,906 - Akashs-MacBook-Pro.local-motion triggered motion event at 15:17:42.903397 and published image (86.63 KB)
2026-02-12 15:17:43,105 - Akashs-MacBook-Pro.local-motion triggered motion event at 15:17:43.102491 and published image (87.80 KB)
2026-02-12 15:17:46,927 - Akashs-MacBook-Pro.local-motion triggered motion event at 15:17:46.923438 and published image (86.34 KB)
2026-02-12 15:17:48,126 - Akashs-MacBook-Pro.local-motion triggered motion event at 15:17:48.122879 and published image (82.63 KB)
2026-02-12 15:17:49,425 - Akashs-MacBook-Pro.local-motion triggered motion event at 15:17:49.422980 and published image (75.81 KB)
2026-02-12 15:17:49,717 - Akashs-MacBook-Pro.local-motion triggered motion event at 15:17:49.714521 and published image (76.02 KB)
2026-02-12 15:17:53,831 - Akashs-MacBook-Pro.local-motion triggered motion event at 15:17:53.829111 and published image (86.37 KB)
2026-02-12 15:17:54,930 - Akashs-MacBook-Pro.local-motion triggered motion event at 15:17:54.928137 and published image (86.77 KB)
2026-02-12 15:17:56,021 - Akashs-MacBook-Pro.local-motion triggered motion event at 15:17:56.018852 and published image (81.19 KB)
2026-02-12 15:17:58,920 - Akashs-MacBook-Pro.local-motion triggered motion event at 15:17:58.917480 and published image (78.03 KB)
2026-02-12 15:17:59,329 - Akashs-MacBook-Pro.local-motion triggered motion event at 15:17:59.326760 and published image (80.52 KB)
2026-02-12 15:17:59,520 - Akashs-MacBook-Pro.local-motion triggered motion event at 15:17:59.517955 and published image (81.13 KB)
2026-02-12 15:18:13,609 - Akashs-MacBook-Pro.local-motion triggered motion event at 15:18:13.607253 and published image (86.35 KB)
2026-02-12 15:18:15,603 - Akashs-MacBook-Pro.local-motion triggered motion event at 15:18:15.601175 and published image (90.59 KB)
2026-02-12 15:18:18,722 - Akashs-MacBook-Pro.local-motion triggered motion event at 15:18:18.720253 and published image (85.24 KB)
2026-02-12 15:18:19,628 - Akashs-MacBook-Pro.local-motion triggered motion event at 15:18:19.627287 and published image (84.39 KB)
2026-02-12 15:18:38,023 - Akashs-MacBook-Pro.local-motion triggered motion event at 15:18:38.021180 and published image (83.83 KB)
2026-02-12 15:18:39,531 - Akashs-MacBook-Pro.local-motion triggered motion event at 15:18:39.528064 and published image (82.76 KB)
2026-02-12 15:18:40,931 - Akashs-MacBook-Pro.local-motion triggered motion event at 15:18:40.929328 and published image (82.52 KB)
2026-02-12 15:18:42,331 - Akashs-MacBook-Pro.local-motion triggered motion event at 15:18:42.328940 and published image (80.04 KB)
2026-02-12 15:18:42,524 - Akashs-MacBook-Pro.local-motion triggered motion event at 15:18:42.522503 and published image (80.06 KB)
2026-02-12 15:18:48,924 - Akashs-MacBook-Pro.local-motion triggered motion event at 15:18:48.921452 and published image (84.47 KB)
2026-02-12 15:18:50,619 - User stopped motion detection with Ctrl+C.
2026-02-12 17:06:35,288 - [FLAG_PUB:Akashs-MacBook-Pro.local-motion] Listening on tcp://*:5556
2026-02-12 17:06:35,288 - [IMAGE_PUB:Akashs-MacBook-Pro.local-motion] Listening on tcp://*:5557
2026-02-12 17:06:35,288 - [PUB:Akashs-MacBook-Pro.local-motion] Local IP: 130.231.169.240
2026-02-12 17:07:07,660 - [FLAG_PUB:Akashs-MacBook-Pro.local-motion] Listening on tcp://*:5556
2026-02-12 17:07:07,660 - [IMAGE_PUB:Akashs-MacBook-Pro.local-motion] Listening on tcp://*:5557
2026-02-12 17:07:07,661 - [PUB:Akashs-MacBook-Pro.local-motion] Local IP: 130.231.169.240
2026-02-12 17:08:43,752 - [FLAG_PUB:Akashs-MacBook-Pro.local-motion] Listening on tcp://*:5556
2026-02-12 17:08:43,752 - [IMAGE_PUB:Akashs-MacBook-Pro.local-motion] Listening on tcp://*:5557
2026-02-12 17:08:43,752 - [PUB:Akashs-MacBook-Pro.local-motion] Local IP: 130.231.169.240
2026-02-12 17:08:46,216 - Starting motion detection... Press Ctrl+C to stop.
2026-02-12 17:09:03,264 - Akashs-MacBook-Pro.local-motion triggered motion event at 17:09:03.260459 and published image (86.16 KB)
2026-02-12 17:09:03,962 - Akashs-MacBook-Pro.local-motion triggered motion event at 17:09:03.959888 and published image (91.25 KB)
2026-02-12 17:09:12,852 - Akashs-MacBook-Pro.local-motion triggered motion event at 17:09:12.849377 and published image (85.89 KB)
2026-02-12 17:09:18,071 - Akashs-MacBook-Pro.local-motion triggered motion event at 17:09:18.068608 and published image (90.44 KB)
2026-02-12 17:09:18,360 - Akashs-MacBook-Pro.local-motion triggered motion event at 17:09:18.357373 and published image (94.82 KB)
2026-02-12 17:09:18,963 - Akashs-MacBook-Pro.local-motion triggered motion event at 17:09:18.960566 and published image (82.72 KB)
2026-02-12 17:09:19,363 - Akashs-MacBook-Pro.local-motion triggered motion event at 17:09:19.360200 and published image (85.42 KB)
2026-02-12 17:09:20,559 - Akashs-MacBook-Pro.local-motion triggered motion event at 17:09:20.556819 and published image (89.23 KB)
2026-02-12 17:09:35,468 - Akashs-MacBook-Pro.local-motion triggered motion event at 17:09:35.466463 and published image (82.47 KB)
2026-02-12 17:09:36,377 - Akashs-MacBook-Pro.local-motion triggered motion event at 17:09:36.374934 and published image (87.46 KB)
2026-02-12 17:09:36,770 - Akashs-MacBook-Pro.local-motion triggered motion event at 17:09:36.768472 and published image (87.72 KB)
2026-02-12 17:09:37,257 - Akashs-MacBook-Pro.local-motion triggered motion event at 17:09:37.255392 and published image (88.07 KB)
2026-02-12 17:09:40,867 - Akashs-MacBook-Pro.local-motion triggered motion event at 17:09:40.865053 and published image (86.47 KB)
2026-02-12 17:10:03,873 - Akashs-MacBook-Pro.local-motion triggered motion event at 17:10:03.870434 and published image (85.67 KB)
2026-02-12 17:10:05,280 - Akashs-MacBook-Pro.local-motion triggered motion event at 17:10:05.278284 and published image (79.46 KB)
2026-02-12 17:10:07,076 - Akashs-MacBook-Pro.local-motion triggered motion event at 17:10:07.073677 and published image (86.31 KB)
2026-02-12 17:10:19,569 - Akashs-MacBook-Pro.local-motion triggered motion event at 17:10:19.565624 and published image (82.49 KB)
2026-02-12 17:10:19,967 - Akashs-MacBook-Pro.local-motion triggered motion event at 17:10:19.964943 and published image (86.35 KB)
2026-02-12 17:10:26,480 - Akashs-MacBook-Pro.local-motion triggered motion event at 17:10:26.477299 and published image (80.70 KB)
2026-02-12 17:10:26,974 - Akashs-MacBook-Pro.local-motion triggered motion event at 17:10:26.971641 and published image (78.21 KB)
2026-02-12 17:10:28,174 - Akashs-MacBook-Pro.local-motion triggered motion event at 17:10:28.171762 and published image (76.06 KB)
2026-02-12 17:10:28,673 - Akashs-MacBook-Pro.local-motion triggered motion event at 17:10:28.671232 and published image (74.45 KB)
2026-02-12 17:10:30,671 - Akashs-MacBook-Pro.local-motion triggered motion event at 17:10:30.669256 and published image (77.58 KB)
2026-02-12 17:10:31,081 - Akashs-MacBook-Pro.local-motion triggered motion event at 17:10:31.078226 and published image (81.61 KB)
2026-02-12 17:10:31,874 - Akashs-MacBook-Pro.local-motion triggered motion event at 17:10:31.871568 and published image (78.13 KB)
2026-02-12 17:10:37,371 - Akashs-MacBook-Pro.local-motion triggered motion event at 17:10:37.367347 and published image (86.73 KB)
2026-02-12 17:10:52,252 - Akashs-MacBook-Pro.local-motion triggered motion event at 17:10:52.249431 and published image (86.97 KB)
2026-02-12 17:10:57,877 - Akashs-MacBook-Pro.local-motion triggered motion event at 17:10:57.874014 and published image (86.82 KB)
2026-02-12 17:10:58,174 - Akashs-MacBook-Pro.local-motion triggered motion event at 17:10:58.171893 and published image (88.85 KB)
2026-02-12 17:11:00,074 - Akashs-MacBook-Pro.local-motion triggered motion event at 17:11:00.072106 and published image (88.34 KB)
2026-02-12 17:11:00,580 - Akashs-MacBook-Pro.local-motion triggered motion event at 17:11:00.576566 and published image (90.42 KB)
2026-02-12 17:11:16,746 - Akashs-MacBook-Pro.local-motion triggered motion event at 17:11:16.743919 and published image (84.19 KB)
2026-02-12 17:11:17,257 - Akashs-MacBook-Pro.local-motion triggered motion event at 17:11:17.254326 and published image (83.50 KB)
2026-02-12 17:11:21,347 - Akashs-MacBook-Pro.local-motion triggered motion event at 17:11:21.344487 and published image (84.85 KB)
2026-02-12 17:11:23,256 - Akashs-MacBook-Pro.local-motion triggered motion event at 17:11:23.253313 and published image (81.78 KB)
2026-02-12 17:11:27,744 - Akashs-MacBook-Pro.local-motion triggered motion event at 17:11:27.742039 and published image (83.36 KB)
2026-02-12 17:11:28,149 - Akashs-MacBook-Pro.local-motion triggered motion event at 17:11:28.147147 and published image (81.60 KB)
2026-02-12 17:11:33,936 - Akashs-MacBook-Pro.local-motion triggered motion event at 17:11:33.932599 and published image (90.46 KB)
2026-02-12 17:11:38,343 - Akashs-MacBook-Pro.local-motion triggered motion event at 17:11:38.341212 and published image (84.14 KB)
2026-02-12 17:11:40,358 - Akashs-MacBook-Pro.local-motion triggered motion event at 17:11:40.354956 and published image (83.82 KB)
2026-02-12 17:11:42,239 - Akashs-MacBook-Pro.local-motion triggered motion event at 17:11:42.236377 and published image (83.53 KB)
2026-02-12 17:11:42,754 - Akashs-MacBook-Pro.local-motion triggered motion event at 17:11:42.751420 and published image (83.70 KB)
2026-02-12 17:11:57,859 - Akashs-MacBook-Pro.local-motion triggered motion event at 17:11:57.856657 and published image (88.45 KB)
2026-02-12 17:11:59,948 - Akashs-MacBook-Pro.local-motion triggered motion event at 17:11:59.944817 and published image (80.59 KB)
2026-02-12 17:12:23,965 - Akashs-MacBook-Pro.local-motion triggered motion event at 17:12:23.962010 and published image (82.71 KB)
2026-02-12 17:12:57,272 - Akashs-MacBook-Pro.local-motion triggered motion event at 17:12:57.269309 and published image (81.63 KB)
2026-02-12 17:13:06,858 - Akashs-MacBook-Pro.local-motion triggered motion event at 17:13:06.856179 and published image (80.46 KB)
2026-02-12 17:13:07,360 - Akashs-MacBook-Pro.local-motion triggered motion event at 17:13:07.357920 and published image (81.25 KB)
2026-02-12 17:13:07,564 - Akashs-MacBook-Pro.local-motion triggered motion event at 17:13:07.561527 and published image (80.73 KB)
2026-02-12 17:13:15,967 - Akashs-MacBook-Pro.local-motion triggered motion event at 17:13:15.964805 and published image (80.46 KB)
2026-02-12 17:13:16,656 - Akashs-MacBook-Pro.local-motion triggered motion event at 17:13:16.653020 and published image (80.56 KB)
2026-02-12 17:13:38,346 - Akashs-MacBook-Pro.local-motion triggered motion event at 17:13:38.344989 and published image (60.86 KB)
2026-02-12 17:13:39,015 - Akashs-MacBook-Pro.local-motion triggered motion event at 17:13:39.014270 and published image (40.06 KB)
2026-02-12 17:13:40,530 - Akashs-MacBook-Pro.local-motion triggered motion event at 17:13:40.530184 and published image (40.72 KB)
2026-02-12 17:13:41,627 - Akashs-MacBook-Pro.local-motion triggered motion event at 17:13:41.626891 and published image (40.67 KB)
2026-02-12 17:13:43,022 - Akashs-MacBook-Pro.local-motion triggered motion event at 17:13:43.021184 and published image (40.32 KB)
2026-02-12 17:13:44,615 - Akashs-MacBook-Pro.local-motion triggered motion event at 17:13:44.613746 and published image (39.39 KB)
2026-02-12 17:13:44,916 - Akashs-MacBook-Pro.local-motion triggered motion event at 17:13:44.914729 and published image (38.94 KB)
2026-02-12 17:13:47,324 - Akashs-MacBook-Pro.local-motion triggered motion event at 17:13:47.322489 and published image (34.89 KB)
2026-02-12 17:13:49,535 - Akashs-MacBook-Pro.local-motion triggered motion event at 17:13:49.534844 and published image (35.72 KB)
2026-02-12 17:13:55,147 - Akashs-MacBook-Pro.local-motion triggered motion event at 17:13:55.144291 and published image (86.60 KB)
2026-02-12 17:13:55,937 - Akashs-MacBook-Pro.local-motion triggered motion event at 17:13:55.935619 and published image (86.16 KB)
2026-02-12 17:14:01,821 - [DET_PUB:Akashs-MacBook-Pro.local-detection] Listening on tcp://*:5558
2026-02-12 17:14:01,821 - [SUB:Akashs-MacBook-Pro.local-detection] Subscribing to motion images on port 5557
2026-02-12 17:14:01,821 - [PUB:Akashs-MacBook-Pro.local-detection] Local IP: 130.231.169.240
2026-02-12 17:14:14,338 - User stopped detection processor with Ctrl+C.
2026-02-12 17:14:31,966 - Akashs-MacBook-Pro.local-motion triggered motion event at 17:14:31.963733 and published image (87.50 KB)
2026-02-12 17:14:39,660 - Akashs-MacBook-Pro.local-motion triggered motion event at 17:14:39.657836 and published image (86.08 KB)
2026-02-12 17:15:06,659 - [DET_PUB:Akashs-MacBook-Pro.local-detection] Listening on tcp://*:5558
2026-02-12 17:15:06,659 - Discovery port 50000 already in use: [Errno 48] Address already in use. Skipping discovery.
2026-02-12 17:15:06,659 - [SUB:Akashs-MacBook-Pro.local-detection] Subscribing to motion images on port 5557
2026-02-12 17:15:06,659 - [PUB:Akashs-MacBook-Pro.local-detection] Local IP: 130.231.169.240
2026-02-12 17:15:19,176 - Akashs-MacBook-Pro.local-motion triggered motion event at 17:15:19.173647 and published image (87.96 KB)
2026-02-12 17:15:32,475 - Akashs-MacBook-Pro.local-motion triggered motion event at 17:15:32.471500 and published image (88.55 KB)
2026-02-12 17:15:32,679 - Akashs-MacBook-Pro.local-motion triggered motion event at 17:15:32.675379 and published image (88.87 KB)
2026-02-12 17:15:33,487 - Akashs-MacBook-Pro.local-motion triggered motion event at 17:15:33.483981 and published image (89.74 KB)
2026-02-12 17:15:39,098 - User stopped detection processor with Ctrl+C.
2026-02-12 17:16:02,939 - Akashs-MacBook-Pro.local-motion triggered motion event at 17:16:02.936092 and published image (84.04 KB)
2026-02-12 17:16:11,340 - Akashs-MacBook-Pro.local-motion triggered motion event at 17:16:11.337924 and published image (85.95 KB)
2026-02-12 17:16:50,656 - Akashs-MacBook-Pro.local-motion triggered motion event at 17:16:50.653110 and published image (87.21 KB)
2026-02-12 17:16:51,248 - Akashs-MacBook-Pro.local-motion triggered motion event at 17:16:51.245361 and published image (87.72 KB)
2026-02-12 17:16:52,951 - Akashs-MacBook-Pro.local-motion triggered motion event at 17:16:52.948792 and published image (86.30 KB)
2026-02-12 17:17:27,260 - Akashs-MacBook-Pro.local-motion triggered motion event at 17:17:27.257441 and published image (88.36 KB)
2026-02-12 17:17:29,157 - Akashs-MacBook-Pro.local-motion triggered motion event at 17:17:29.154334 and published image (89.73 KB)
2026-02-12 17:17:34,670 - Akashs-MacBook-Pro.local-motion triggered motion event at 17:17:34.666974 and published image (88.70 KB)
2026-02-12 17:17:38,055 - Akashs-MacBook-Pro.local-motion triggered motion event at 17:17:38.053172 and published image (91.42 KB)
2026-02-12 17:17:38,549 - Akashs-MacBook-Pro.local-motion triggered motion event at 17:17:38.547414 and published image (91.08 KB)
2026-02-12 17:17:47,650 - Akashs-MacBook-Pro.local-motion triggered motion event at 17:17:47.648195 and published image (88.59 KB)
2026-02-12 17:18:32,864 - Akashs-MacBook-Pro.local-motion triggered motion event at 17:18:32.861713 and published image (86.93 KB)
2026-02-12 17:18:33,260 - Akashs-MacBook-Pro.local-motion triggered motion event at 17:18:33.257467 and published image (85.87 KB)
2026-02-12 17:19:22,973 - Akashs-MacBook-Pro.local-motion triggered motion event at 17:19:22.969400 and published image (87.20 KB)
2026-02-12 17:19:29,272 - User stopped motion detection with Ctrl+C.
2026-02-12 17:21:19,438 - [FLAG_PUB:Akashs-MacBook-Pro.local-motion] Listening on tcp://*:5556
2026-02-12 17:21:19,438 - [IMAGE_PUB:Akashs-MacBook-Pro.local-motion] Listening on tcp://*:5557
2026-02-12 17:21:19,438 - [PUB:Akashs-MacBook-Pro.local-motion] Local IP: 130.231.169.240
2026-02-12 17:21:24,630 - Starting motion detection... Press Ctrl+C to stop.
2026-02-12 17:21:28,295 - Akashs-MacBook-Pro.local-motion triggered motion event at 17:21:28.292360 and published image (73.60 KB)
2026-02-12 17:21:28,777 - Akashs-MacBook-Pro.local-motion triggered motion event at 17:21:28.774805 and published image (77.79 KB)
2026-02-12 17:21:30,066 - Akashs-MacBook-Pro.local-motion triggered motion event at 17:21:30.065121 and published image (84.15 KB)
2026-02-12 17:21:30,367 - Akashs-MacBook-Pro.local-motion triggered motion event at 17:21:30.366189 and published image (68.99 KB)
2026-02-12 17:22:04,396 - Akashs-MacBook-Pro.local-motion triggered motion event at 17:22:04.393816 and published image (90.27 KB)
2026-02-12 17:22:35,143 - User stopped motion detection with Ctrl+C.
2026-02-12 17:22:39,857 - [FLAG_PUB:Akashs-MacBook-Pro.local-motion] Listening on tcp://*:5556
2026-02-12 17:22:39,857 - [IMAGE_PUB:Akashs-MacBook-Pro.local-motion] Listening on tcp://*:5557
2026-02-12 17:22:39,857 - [PUB:Akashs-MacBook-Pro.local-motion] Local IP: 130.231.169.240
2026-02-12 17:22:41,962 - Starting motion detection... Press Ctrl+C to stop.
2026-02-12 17:22:51,435 - [DET_PUB:Akashs-MacBook-Pro.local-detection] Listening on tcp://*:5558
2026-02-12 17:22:51,435 - Discovery port 50000 already in use: [Errno 48] Address already in use. Skipping discovery.
2026-02-12 17:22:51,435 - [SUB:Akashs-MacBook-Pro.local-detection] Subscribing to motion images on port 5557
2026-02-12 17:22:51,435 - [PUB:Akashs-MacBook-Pro.local-detection] Local IP: 130.231.169.240
2026-02-12 17:22:51,627 - Akashs-MacBook-Pro.local-motion triggered motion event at 17:22:51.624049 and published image (83.89 KB)
2026-02-12 17:22:53,333 - Akashs-MacBook-Pro.local-motion triggered motion event at 17:22:53.330769 and published image (70.98 KB)
2026-02-12 17:23:09,851 - User stopped detection processor with Ctrl+C.
2026-02-12 17:23:56,944 - Akashs-MacBook-Pro.local-motion triggered motion event at 17:23:56.940073 and published image (91.74 KB)
2026-02-12 17:23:58,036 - Akashs-MacBook-Pro.local-motion triggered motion event at 17:23:58.033549 and published image (88.52 KB)
2026-02-12 17:24:23,033 - Akashs-MacBook-Pro.local-motion triggered motion event at 17:24:23.030874 and published image (90.55 KB)
2026-02-12 17:24:34,231 - Akashs-MacBook-Pro.local-motion triggered motion event at 17:24:34.228178 and published image (90.10 KB)
2026-02-12 17:24:39,611 - Akashs-MacBook-Pro.local-motion triggered motion event at 17:24:39.608522 and published image (92.29 KB)
2026-02-12 17:25:00,955 - Akashs-MacBook-Pro.local-motion triggered motion event at 17:25:00.952555 and published image (85.56 KB)
2026-02-12 17:25:29,646 - Akashs-MacBook-Pro.local-motion triggered motion event at 17:25:29.643178 and published image (90.63 KB)
2026-02-12 17:25:48,037 - Akashs-MacBook-Pro.local-motion triggered motion event at 17:25:48.034924 and published image (89.45 KB)
2026-02-12 17:25:54,625 - Akashs-MacBook-Pro.local-motion triggered motion event at 17:25:54.622239 and published image (91.17 KB)
2026-02-12 17:26:26,626 - Akashs-MacBook-Pro.local-motion triggered motion event at 17:26:26.622415 and published image (95.47 KB)
2026-02-12 17:26:36,330 - Akashs-MacBook-Pro.local-motion triggered motion event at 17:26:36.326946 and published image (93.09 KB)
2026-02-12 17:26:38,033 - Akashs-MacBook-Pro.local-motion triggered motion event at 17:26:38.029819 and published image (96.45 KB)
2026-02-12 17:26:52,198 - Akashs-MacBook-Pro.local-motion triggered motion event at 17:26:52.195093 and published image (94.29 KB)
2026-02-12 17:26:53,023 - Akashs-MacBook-Pro.local-motion triggered motion event at 17:26:53.020736 and published image (90.07 KB)
2026-02-12 17:26:57,224 - Akashs-MacBook-Pro.local-motion triggered motion event at 17:26:57.220616 and published image (95.86 KB)
2026-02-12 17:27:48,332 - Akashs-MacBook-Pro.local-motion triggered motion event at 17:27:48.329219 and published image (95.37 KB)
2026-02-12 17:27:54,741 - Akashs-MacBook-Pro.local-motion triggered motion event at 17:27:54.738036 and published image (93.33 KB)
2026-02-12 17:27:57,330 - Akashs-MacBook-Pro.local-motion triggered motion event at 17:27:57.328214 and published image (93.86 KB)
2026-02-12 17:27:59,637 - Akashs-MacBook-Pro.local-motion triggered motion event at 17:27:59.634746 and published image (90.99 KB)
2026-02-12 17:28:08,032 - Akashs-MacBook-Pro.local-motion triggered motion event at 17:28:08.029160 and published image (93.35 KB)
2026-02-12 17:28:08,626 - Akashs-MacBook-Pro.local-motion triggered motion event at 17:28:08.623004 and published image (95.08 KB)
2026-02-12 17:28:09,627 - Akashs-MacBook-Pro.local-motion triggered motion event at 17:28:09.623911 and published image (94.75 KB)
2026-02-12 17:28:41,332 - Akashs-MacBook-Pro.local-motion triggered motion event at 17:28:41.329376 and published image (91.93 KB)
2026-02-12 17:28:42,247 - Akashs-MacBook-Pro.local-motion triggered motion event at 17:28:42.243462 and published image (92.92 KB)
2026-02-12 17:28:46,146 - Akashs-MacBook-Pro.local-motion triggered motion event at 17:28:46.143460 and published image (97.83 KB)
2026-02-12 17:28:49,647 - Akashs-MacBook-Pro.local-motion triggered motion event at 17:28:49.644146 and published image (94.11 KB)
2026-02-12 17:29:04,437 - Akashs-MacBook-Pro.local-motion triggered motion event at 17:29:04.433979 and published image (94.67 KB)
2026-02-12 17:29:13,542 - Akashs-MacBook-Pro.local-motion triggered motion event at 17:29:13.539804 and published image (90.08 KB)
2026-02-12 17:29:14,442 - Akashs-MacBook-Pro.local-motion triggered motion event at 17:29:14.438873 and published image (91.20 KB)
2026-02-12 17:29:31,338 - Akashs-MacBook-Pro.local-motion triggered motion event at 17:29:31.335607 and published image (96.25 KB)
2026-02-12 17:29:38,451 - Akashs-MacBook-Pro.local-motion triggered motion event at 17:29:38.447288 and published image (96.45 KB)
2026-02-12 17:29:41,447 - Akashs-MacBook-Pro.local-motion triggered motion event at 17:29:41.443768 and published image (94.45 KB)
2026-02-12 17:29:46,145 - Akashs-MacBook-Pro.local-motion triggered motion event at 17:29:46.142815 and published image (95.46 KB)
2026-02-12 17:29:46,744 - Akashs-MacBook-Pro.local-motion triggered motion event at 17:29:46.740950 and published image (96.41 KB)
2026-02-12 17:29:47,335 - Akashs-MacBook-Pro.local-motion triggered motion event at 17:29:47.332903 and published image (94.99 KB)
2026-02-12 17:29:48,045 - Akashs-MacBook-Pro.local-motion triggered motion event at 17:29:48.041019 and published image (90.64 KB)
2026-02-12 17:29:56,349 - Akashs-MacBook-Pro.local-motion triggered motion event at 17:29:56.346603 and published image (93.01 KB)
2026-02-12 17:30:08,653 - Akashs-MacBook-Pro.local-motion triggered motion event at 17:30:08.649961 and published image (93.61 KB)
2026-02-12 17:30:08,846 - Akashs-MacBook-Pro.local-motion triggered motion event at 17:30:08.843727 and published image (93.60 KB)
2026-02-12 17:30:09,546 - Akashs-MacBook-Pro.local-motion triggered motion event at 17:30:09.543105 and published image (93.16 KB)
2026-02-12 17:30:10,845 - Akashs-MacBook-Pro.local-motion triggered motion event at 17:30:10.842567 and published image (90.25 KB)
2026-02-12 17:30:13,053 - Akashs-MacBook-Pro.local-motion triggered motion event at 17:30:13.049862 and published image (90.37 KB)
2026-02-12 17:30:13,647 - Akashs-MacBook-Pro.local-motion triggered motion event at 17:30:13.645795 and published image (87.11 KB)
2026-02-12 17:30:14,143 - Akashs-MacBook-Pro.local-motion triggered motion event at 17:30:14.141116 and published image (90.83 KB)
2026-02-12 17:30:14,715 - Akashs-MacBook-Pro.local-motion triggered motion event at 17:30:14.713735 and published image (91.71 KB)
2026-02-12 17:30:15,519 - Akashs-MacBook-Pro.local-motion triggered motion event at 17:30:15.515268 and published image (81.71 KB)
2026-02-12 17:30:16,328 - Akashs-MacBook-Pro.local-motion triggered motion event at 17:30:16.326079 and published image (89.77 KB)
2026-02-12 17:30:18,853 - Akashs-MacBook-Pro.local-motion triggered motion event at 17:30:18.850376 and published image (87.47 KB)
2026-02-12 17:30:21,354 - Akashs-MacBook-Pro.local-motion triggered motion event at 17:30:21.350536 and published image (82.22 KB)
2026-02-12 17:30:22,041 - Akashs-MacBook-Pro.local-motion triggered motion event at 17:30:22.039326 and published image (83.99 KB)
2026-02-12 18:04:43,605 - Akashs-MacBook-Pro.local-motion triggered motion event at 18:04:43.603281 and published image (93.99 KB)
2026-02-12 18:04:43,620 - Incomplete frame received. Try again...
2026-02-12 18:12:19,446 - [FLAG_PUB:Akashs-MacBook-Pro.local-motion] Listening on tcp://*:5556
2026-02-12 18:12:19,447 - [IMAGE_PUB:Akashs-MacBook-Pro.local-motion] Listening on tcp://*:5557
2026-02-12 18:12:19,447 - [PUB:Akashs-MacBook-Pro.local-motion] Local IP: 130.231.169.240
2026-02-12 18:12:24,622 - Starting motion detection... Press Ctrl+C to stop.
2026-02-12 18:12:39,805 - [DET_PUB:Akashs-MacBook-Pro.local-detection] Listening on tcp://*:5558
2026-02-12 18:12:39,805 - [SUB:Akashs-MacBook-Pro.local-detection] Subscribing to motion images on port 5557
2026-02-12 18:12:39,805 - [PUB:Akashs-MacBook-Pro.local-detection] Local IP: 130.231.169.240
2026-02-12 18:12:42,405 - Akashs-MacBook-Pro.local-motion triggered motion event at 18:12:42.397159 and published image (88.60 KB)
2026-02-12 18:12:45,150 - Image from Akashs-MacBook-Pro.local-motion - Send TS: 18:12:42.397159 - Recv TS: 2026-02-12T18:12:42.405379 - Detect TS: 2026-02-12T18:12:45.149649 - Results: 1 detections
2026-02-12 18:12:45,151 - Detection results published: [{'class': 'person', 'confidence': 0.876953125, 'bbox': [17.5, 128.0, 610.5, 480.0]}]
2026-02-12 18:12:45,890 - Akashs-MacBook-Pro.local-motion triggered motion event at 18:12:45.886727 and published image (91.18 KB)
2026-02-12 18:12:45,921 - Image from Akashs-MacBook-Pro.local-motion - Send TS: 18:12:45.886727 - Recv TS: 2026-02-12T18:12:45.890792 - Detect TS: 2026-02-12T18:12:45.921337 - Results: 3 detections
2026-02-12 18:12:45,921 - Detection results published: [{'class': 'person', 'confidence': 0.890625, 'bbox': [0.0, 44.5, 167.25, 427.0]}, {'class': 'person', 'confidence': 0.87890625, 'bbox': [0.0, 128.5, 598.0, 479.5]}, {'class': 'person', 'confidence': 0.53173828125, 'bbox': [546.5, 376.0, 639.5, 478.5]}]
2026-02-12 18:12:54,505 - Akashs-MacBook-Pro.local-motion triggered motion event at 18:12:54.502656 and published image (76.71 KB)
2026-02-12 18:12:54,536 - Image from Akashs-MacBook-Pro.local-motion - Send TS: 18:12:54.502656 - Recv TS: 2026-02-12T18:12:54.505531 - Detect TS: 2026-02-12T18:12:54.536563 - Results: 3 detections
2026-02-12 18:12:54,536 - Detection results published: [{'class': 'person', 'confidence': 0.88037109375, 'bbox': [8.5, 123.5, 593.0, 479.0]}, {'class': 'person', 'confidence': 0.63916015625, 'bbox': [539.0, 226.125, 640.0, 475.875]}, {'class': 'person', 'confidence': 0.3427734375, 'bbox': [539.0, 373.0, 639.0, 478.5]}]
2026-02-12 18:12:54,791 - Akashs-MacBook-Pro.local-motion triggered motion event at 18:12:54.788088 and published image (76.81 KB)
2026-02-12 18:12:54,820 - Image from Akashs-MacBook-Pro.local-motion - Send TS: 18:12:54.788088 - Recv TS: 2026-02-12T18:12:54.791434 - Detect TS: 2026-02-12T18:12:54.820856 - Results: 3 detections
2026-02-12 18:12:54,821 - Detection results published: [{'class': 'person', 'confidence': 0.87451171875, 'bbox': [31.0, 124.875, 611.5, 478.125]}, {'class': 'person', 'confidence': 0.35546875, 'bbox': [548.25, 374.5, 639.75, 478.0]}, {'class': 'person', 'confidence': 0.310791015625, 'bbox': [548.25, 216.5, 639.75, 476.5]}]
2026-02-12 18:13:05,489 - Akashs-MacBook-Pro.local-motion triggered motion event at 18:13:05.486194 and published image (77.91 KB)
2026-02-12 18:13:05,517 - Image from Akashs-MacBook-Pro.local-motion - Send TS: 18:13:05.486194 - Recv TS: 2026-02-12T18:13:05.489455 - Detect TS: 2026-02-12T18:13:05.517252 - Results: 5 detections
2026-02-12 18:13:05,517 - Detection results published: [{'class': 'person', 'confidence': 0.89111328125, 'bbox': [99.5, 133.5, 598.5, 478.5]}, {'class': 'person', 'confidence': 0.343505859375, 'bbox': [561.0, 170.125, 640.0, 476.875]}, {'class': 'person', 'confidence': 0.30517578125, 'bbox': [560.25, 376.625, 639.75, 478.375]}, {'class': 'person', 'confidence': 0.282958984375, 'bbox': [564.0, 16.625, 640.0, 475.375]}, {'class': 'person', 'confidence': 0.2646484375, 'bbox': [561.75, 257.5, 640.0, 474.0]}]
2026-02-12 18:13:13,001 - Akashs-MacBook-Pro.local-motion triggered motion event at 18:13:12.998974 and published image (74.07 KB)
2026-02-12 18:13:13,032 - Image from Akashs-MacBook-Pro.local-motion - Send TS: 18:13:12.998974 - Recv TS: 2026-02-12T18:13:13.001969 - Detect TS: 2026-02-12T18:13:13.032346 - Results: 4 detections
2026-02-12 18:13:13,032 - Detection results published: [{'class': 'person', 'confidence': 0.89208984375, 'bbox': [34.0, 106.0, 580.0, 478.5]}, {'class': 'person', 'confidence': 0.63037109375, 'bbox': [544.0, 129.0, 640.0, 478.0]}, {'class': 'person', 'confidence': 0.3330078125, 'bbox': [544.25, 239.625, 639.75, 475.375]}, {'class': 'person', 'confidence': 0.25830078125, 'bbox': [544.25, 377.625, 639.75, 478.375]}]
2026-02-12 18:14:05,766 - Akashs-MacBook-Pro.local-motion triggered motion event at 18:14:05.763378 and published image (87.94 KB)
2026-02-12 18:14:05,798 - Image from Akashs-MacBook-Pro.local-motion - Send TS: 18:14:05.763378 - Recv TS: 2026-02-12T18:14:05.767074 - Detect TS: 2026-02-12T18:14:05.797846 - Results: 4 detections
2026-02-12 18:14:05,798 - Detection results published: [{'class': 'person', 'confidence': 0.921875, 'bbox': [0.0, 235.5, 112.5, 477.5]}, {'class': 'person', 'confidence': 0.90380859375, 'bbox': [45.0, 126.0, 568.0, 478.0]}, {'class': 'person', 'confidence': 0.63134765625, 'bbox': [545.5, 381.125, 639.5, 478.875]}, {'class': 'person', 'confidence': 0.277587890625, 'bbox': [546.25, 244.625, 639.75, 477.375]}]
2026-02-12 18:14:39,077 - Akashs-MacBook-Pro.local-motion triggered motion event at 18:14:39.074580 and published image (84.37 KB)
2026-02-12 18:14:39,102 - Image from Akashs-MacBook-Pro.local-motion - Send TS: 18:14:39.074580 - Recv TS: 2026-02-12T18:14:39.077488 - Detect TS: 2026-02-12T18:14:39.102747 - Results: 7 detections
2026-02-12 18:14:39,103 - Detection results published: [{'class': 'person', 'confidence': 0.921875, 'bbox': [0.0, 238.125, 119.4375, 476.875]}, {'class': 'person', 'confidence': 0.89892578125, 'bbox': [40.0, 122.375, 581.5, 478.625]}, {'class': 'person', 'confidence': 0.599609375, 'bbox': [541.0, 49.0, 640.0, 477.0]}, {'class': 'person', 'confidence': 0.45263671875, 'bbox': [593.0, 50.5, 640.0, 442.0]}, {'class': 'person', 'confidence': 0.42626953125, 'bbox': [548.75, 381.375, 639.25, 478.625]}, {'class': 'person', 'confidence': 0.3701171875, 'bbox': [549.75, 233.875, 640.0, 475.125]}, {'class': 'person', 'confidence': 0.261474609375, 'bbox': [595.75, 50.0, 640.0, 148.5]}]
2026-02-12 18:15:10,280 - Akashs-MacBook-Pro.local-motion triggered motion event at 18:15:10.277689 and published image (90.63 KB)
2026-02-12 18:15:10,303 - Image from Akashs-MacBook-Pro.local-motion - Send TS: 18:15:10.277689 - Recv TS: 2026-02-12T18:15:10.280774 - Detect TS: 2026-02-12T18:15:10.303852 - Results: 3 detections
2026-02-12 18:15:10,304 - Detection results published: [{'class': 'person', 'confidence': 0.875, 'bbox': [25.5, 133.0, 605.5, 478.0]}, {'class': 'person', 'confidence': 0.434326171875, 'bbox': [546.25, 380.0, 639.75, 478.0]}, {'class': 'person', 'confidence': 0.388671875, 'bbox': [544.0, 59.0, 640.0, 477.0]}]
2026-02-12 18:15:20,780 - Akashs-MacBook-Pro.local-motion triggered motion event at 18:15:20.776686 and published image (87.55 KB)
2026-02-12 18:15:20,809 - Image from Akashs-MacBook-Pro.local-motion - Send TS: 18:15:20.776686 - Recv TS: 2026-02-12T18:15:20.780729 - Detect TS: 2026-02-12T18:15:20.809899 - Results: 2 detections
2026-02-12 18:15:20,810 - Detection results published: [{'class': 'person', 'confidence': 0.892578125, 'bbox': [37.0, 133.0, 593.0, 478.5]}, {'class': 'person', 'confidence': 0.462158203125, 'bbox': [544.25, 379.875, 639.75, 478.125]}]
2026-02-12 18:15:35,376 - Akashs-MacBook-Pro.local-motion triggered motion event at 18:15:35.374338 and published image (87.97 KB)
2026-02-12 18:15:35,410 - Image from Akashs-MacBook-Pro.local-motion - Send TS: 18:15:35.374338 - Recv TS: 2026-02-12T18:15:35.376893 - Detect TS: 2026-02-12T18:15:35.410873 - Results: 2 detections
2026-02-12 18:15:35,411 - Detection results published: [{'class': 'person', 'confidence': 0.8984375, 'bbox': [36.0, 127.0, 578.0, 479.0]}, {'class': 'person', 'confidence': 0.458740234375, 'bbox': [548.75, 383.0, 639.25, 478.5]}]
2026-02-12 18:15:36,981 - Akashs-MacBook-Pro.local-motion triggered motion event at 18:15:36.978941 and published image (82.39 KB)
2026-02-12 18:15:37,011 - Image from Akashs-MacBook-Pro.local-motion - Send TS: 18:15:36.978941 - Recv TS: 2026-02-12T18:15:36.982861 - Detect TS: 2026-02-12T18:15:37.011162 - Results: 2 detections
2026-02-12 18:15:37,011 - Detection results published: [{'class': 'person', 'confidence': 0.9208984375, 'bbox': [467.25, 2.0, 638.75, 473.0]}, {'class': 'person', 'confidence': 0.90625, 'bbox': [39.0, 132.0, 565.0, 478.0]}]
2026-02-12 18:15:39,178 - Akashs-MacBook-Pro.local-motion triggered motion event at 18:15:39.176896 and published image (81.61 KB)
2026-02-12 18:15:39,202 - Image from Akashs-MacBook-Pro.local-motion - Send TS: 18:15:39.176896 - Recv TS: 2026-02-12T18:15:39.178861 - Detect TS: 2026-02-12T18:15:39.202686 - Results: 3 detections
2026-02-12 18:15:39,202 - Detection results published: [{'class': 'person', 'confidence': 0.9248046875, 'bbox': [449.0, 2.125, 640.0, 473.875]}, {'class': 'person', 'confidence': 0.9052734375, 'bbox': [35.5, 134.0, 568.5, 477.5]}, {'class': 'remote', 'confidence': 0.28662109375, 'bbox': [567.75, 211.625, 640.0, 278.375]}]
2026-02-12 18:15:39,875 - Akashs-MacBook-Pro.local-motion triggered motion event at 18:15:39.873181 and published image (92.88 KB)
2026-02-12 18:15:39,900 - Image from Akashs-MacBook-Pro.local-motion - Send TS: 18:15:39.873181 - Recv TS: 2026-02-12T18:15:39.876280 - Detect TS: 2026-02-12T18:15:39.900112 - Results: 3 detections
2026-02-12 18:15:39,900 - Detection results published: [{'class': 'person', 'confidence': 0.90380859375, 'bbox': [36.0, 135.0, 569.0, 479.0]}, {'class': 'person', 'confidence': 0.888671875, 'bbox': [429.5, 1.625, 639.5, 472.375]}, {'class': 'cell phone', 'confidence': 0.72119140625, 'bbox': [463.75, 235.25, 580.25, 301.25]}]
2026-02-12 18:15:46,086 - Akashs-MacBook-Pro.local-motion triggered motion event at 18:15:46.083798 and published image (73.91 KB)
2026-02-12 18:15:46,119 - Image from Akashs-MacBook-Pro.local-motion - Send TS: 18:15:46.083798 - Recv TS: 2026-02-12T18:15:46.086748 - Detect TS: 2026-02-12T18:15:46.119071 - Results: 2 detections
2026-02-12 18:15:46,119 - Detection results published: [{'class': 'person', 'confidence': 0.91357421875, 'bbox': [31.0, 150.0, 522.5, 478.5]}, {'class': 'person', 'confidence': 0.5009765625, 'bbox': [602.25, 407.75, 639.75, 478.25]}]
2026-02-12 18:15:48,383 - Akashs-MacBook-Pro.local-motion triggered motion event at 18:15:48.379730 and published image (74.73 KB)
2026-02-12 18:15:48,408 - Image from Akashs-MacBook-Pro.local-motion - Send TS: 18:15:48.379730 - Recv TS: 2026-02-12T18:15:48.383926 - Detect TS: 2026-02-12T18:15:48.408060 - Results: 3 detections
2026-02-12 18:15:48,408 - Detection results published: [{'class': 'person', 'confidence': 0.91015625, 'bbox': [44.0, 144.5, 561.0, 478.5]}, {'class': 'person', 'confidence': 0.82763671875, 'bbox': [483.5, 2.5, 639.5, 473.5]}, {'class': 'cell phone', 'confidence': 0.580078125, 'bbox': [489.625, 177.0, 619.375, 235.0]}]
2026-02-12 18:15:48,581 - Akashs-MacBook-Pro.local-motion triggered motion event at 18:15:48.578507 and published image (77.79 KB)
2026-02-12 18:15:48,611 - Image from Akashs-MacBook-Pro.local-motion - Send TS: 18:15:48.578507 - Recv TS: 2026-02-12T18:15:48.582074 - Detect TS: 2026-02-12T18:15:48.611473 - Results: 4 detections
2026-02-12 18:15:48,611 - Detection results published: [{'class': 'person', 'confidence': 0.91015625, 'bbox': [47.0, 145.0, 551.0, 478.5]}, {'class': 'person', 'confidence': 0.64501953125, 'bbox': [494.375, 0.0, 639.625, 476.0]}, {'class': 'cell phone', 'confidence': 0.50732421875, 'bbox': [514.25, 185.375, 635.75, 238.625]}, {'class': 'person', 'confidence': 0.296142578125, 'bbox': [497.875, 1.0, 640.0, 143.25]}]
2026-02-12 18:15:57,185 - Akashs-MacBook-Pro.local-motion triggered motion event at 18:15:57.181846 and published image (82.11 KB)
2026-02-12 18:15:57,213 - Image from Akashs-MacBook-Pro.local-motion - Send TS: 18:15:57.181846 - Recv TS: 2026-02-12T18:15:57.186471 - Detect TS: 2026-02-12T18:15:57.212983 - Results: 3 detections
2026-02-12 18:15:57,213 - Detection results published: [{'class': 'person', 'confidence': 0.91357421875, 'bbox': [11.5, 134.0, 562.5, 478.5]}, {'class': 'person', 'confidence': 0.716796875, 'bbox': [562.0, 268.5, 640.0, 476.0]}, {'class': 'person', 'confidence': 0.5146484375, 'bbox': [562.0, 377.0, 639.0, 478.5]}]
2026-02-12 18:15:57,984 - Akashs-MacBook-Pro.local-motion triggered motion event at 18:15:57.981119 and published image (84.37 KB)
2026-02-12 18:15:58,012 - Image from Akashs-MacBook-Pro.local-motion - Send TS: 18:15:57.981119 - Recv TS: 2026-02-12T18:15:57.986524 - Detect TS: 2026-02-12T18:15:58.011981 - Results: 3 detections
2026-02-12 18:15:58,012 - Detection results published: [{'class': 'person', 'confidence': 0.91845703125, 'bbox': [14.0, 134.0, 565.0, 479.0]}, {'class': 'person', 'confidence': 0.72021484375, 'bbox': [562.0, 235.0, 640.0, 476.5]}, {'class': 'person', 'confidence': 0.58837890625, 'bbox': [562.25, 380.5, 639.75, 478.5]}]
2026-02-12 18:15:58,268 - Akashs-MacBook-Pro.local-motion triggered motion event at 18:15:58.265999 and published image (83.40 KB)
2026-02-12 18:15:58,285 - Image from Akashs-MacBook-Pro.local-motion - Send TS: 18:15:58.265999 - Recv TS: 2026-02-12T18:15:58.269204 - Detect TS: 2026-02-12T18:15:58.285547 - Results: 2 detections
2026-02-12 18:15:58,285 - Detection results published: [{'class': 'person', 'confidence': 0.9140625, 'bbox': [12.0, 134.0, 563.0, 478.5]}, {'class': 'person', 'confidence': 0.580078125, 'bbox': [564.5, 387.125, 639.5, 477.875]}]
2026-02-12 18:15:59,079 - Akashs-MacBook-Pro.local-motion triggered motion event at 18:15:59.076824 and published image (85.65 KB)
2026-02-12 18:15:59,103 - Image from Akashs-MacBook-Pro.local-motion - Send TS: 18:15:59.076824 - Recv TS: 2026-02-12T18:15:59.079687 - Detect TS: 2026-02-12T18:15:59.103151 - Results: 2 detections
2026-02-12 18:15:59,103 - Detection results published: [{'class': 'person', 'confidence': 0.91259765625, 'bbox': [14.0, 137.0, 562.0, 479.0]}, {'class': 'person', 'confidence': 0.57666015625, 'bbox': [566.75, 389.0, 639.25, 478.0]}]
2026-02-12 18:16:02,376 - Akashs-MacBook-Pro.local-motion triggered motion event at 18:16:02.373799 and published image (81.44 KB)
2026-02-12 18:16:02,402 - Image from Akashs-MacBook-Pro.local-motion - Send TS: 18:16:02.373799 - Recv TS: 2026-02-12T18:16:02.377137 - Detect TS: 2026-02-12T18:16:02.402707 - Results: 2 detections
2026-02-12 18:16:02,402 - Detection results published: [{'class': 'person', 'confidence': 0.921875, 'bbox': [16.0, 132.5, 563.0, 479.0]}, {'class': 'person', 'confidence': 0.59375, 'bbox': [567.5, 387.25, 639.5, 478.75]}]
2026-02-12 18:16:05,262 - Akashs-MacBook-Pro.local-motion triggered motion event at 18:16:05.260092 and published image (76.12 KB)
2026-02-12 18:16:05,279 - Image from Akashs-MacBook-Pro.local-motion - Send TS: 18:16:05.260092 - Recv TS: 2026-02-12T18:16:05.262401 - Detect TS: 2026-02-12T18:16:05.279479 - Results: 2 detections
2026-02-12 18:16:05,279 - Detection results published: [{'class': 'person', 'confidence': 0.896484375, 'bbox': [43.0, 150.0, 547.0, 478.5]}, {'class': 'person', 'confidence': 0.60791015625, 'bbox': [568.0, 278.375, 640.0, 476.625]}]
2026-02-12 18:16:09,477 - Akashs-MacBook-Pro.local-motion triggered motion event at 18:16:09.474969 and published image (60.39 KB)
2026-02-12 18:16:09,503 - Image from Akashs-MacBook-Pro.local-motion - Send TS: 18:16:09.474969 - Recv TS: 2026-02-12T18:16:09.477336 - Detect TS: 2026-02-12T18:16:09.503022 - Results: 1 detections
2026-02-12 18:16:09,503 - Detection results published: [{'class': 'person', 'confidence': 0.9150390625, 'bbox': [60.0, 173.0, 519.5, 478.0]}]
2026-02-12 18:16:25,067 - Akashs-MacBook-Pro.local-motion triggered motion event at 18:16:25.064339 and published image (77.63 KB)
2026-02-12 18:16:25,085 - Image from Akashs-MacBook-Pro.local-motion - Send TS: 18:16:25.064339 - Recv TS: 2026-02-12T18:16:25.067602 - Detect TS: 2026-02-12T18:16:25.085150 - Results: 1 detections
2026-02-12 18:16:25,085 - Detection results published: [{'class': 'person', 'confidence': 0.91650390625, 'bbox': [28.0, 134.5, 606.0, 479.0]}]
2026-02-12 18:16:28,041 - User stopped detection processor with Ctrl+C.
2026-02-12 18:16:29,213 - [DET_PUB:Akashs-MacBook-Pro.local-detection] Listening on tcp://*:5558
2026-02-12 18:16:29,214 - [SUB:Akashs-MacBook-Pro.local-detection] Subscribing to motion images on port 5557
2026-02-12 18:16:29,214 - [PUB:Akashs-MacBook-Pro.local-detection] Local IP: 130.231.169.240
2026-02-12 18:16:32,395 - Akashs-MacBook-Pro.local-motion triggered motion event at 18:16:32.392721 and published image (72.56 KB)
2026-02-12 18:16:32,462 - Saved image: detection_images/Akashs-MacBook-Pro.local-motion_2026-02-12T18-16-32.459627.jpg
2026-02-12 18:16:32,462 - Image from Akashs-MacBook-Pro.local-motion - Send TS: 18:16:32.392721 - Recv TS: 2026-02-12T18:16:32.396130 - Detect TS: 2026-02-12T18:16:32.459627 - Results: 2 detections
2026-02-12 18:16:32,463 - Detection results published: [{'class': 'person', 'confidence': 0.9091796875}, {'class': 'person', 'confidence': 0.5751953125}]
2026-02-12 18:16:46,284 - Akashs-MacBook-Pro.local-motion triggered motion event at 18:16:46.281008 and published image (80.16 KB)
2026-02-12 18:16:46,318 - Saved image: detection_images/Akashs-MacBook-Pro.local-motion_2026-02-12T18-16-46.317085.jpg
2026-02-12 18:16:46,318 - Image from Akashs-MacBook-Pro.local-motion - Send TS: 18:16:46.281008 - Recv TS: 2026-02-12T18:16:46.284352 - Detect TS: 2026-02-12T18:16:46.317085 - Results: 2 detections
2026-02-12 18:16:46,318 - Detection results published: [{'class': 'person', 'confidence': 0.9013671875}, {'class': 'person', 'confidence': 0.467041015625}]
2026-02-12 18:16:56,707 - User stopped detection processor with Ctrl+C.
2026-02-12 18:17:25,753 - Akashs-MacBook-Pro.local-motion triggered motion event at 18:17:25.751308 and published image (81.42 KB)
2026-02-12 18:17:30,389 - Akashs-MacBook-Pro.local-motion triggered motion event at 18:17:30.386650 and published image (82.32 KB)
2026-02-12 18:17:42,395 - Akashs-MacBook-Pro.local-motion triggered motion event at 18:17:42.392747 and published image (87.22 KB)
2026-02-12 18:17:47,896 - [DET_PUB:Akashs-MacBook-Pro.local-detection] Listening on tcp://*:5558
2026-02-12 18:17:47,896 - [SUB:Akashs-MacBook-Pro.local-detection] Subscribing to motion images on port 5557
2026-02-12 18:17:47,896 - [PUB:Akashs-MacBook-Pro.local-detection] Local IP: 130.231.169.240
2026-02-12 18:17:51,388 - Akashs-MacBook-Pro.local-motion triggered motion event at 18:17:51.385884 and published image (79.53 KB)
2026-02-12 18:17:51,457 - Saved result image: detection_images/Akashs-MacBook-Pro.local-motion_2026-02-12T18-17-51.453712.jpg
2026-02-12 18:17:51,457 - Image from Akashs-MacBook-Pro.local-motion - Send TS: 18:17:51.385884 - Recv TS: 2026-02-12T18:17:51.388832 - Detect TS: 2026-02-12T18:17:51.453712 - Results: 2 detections
2026-02-12 18:17:51,457 - Detection results published: [{'class': 'person', 'confidence': 0.9052734375}, {'class': 'person', 'confidence': 0.56640625}]
2026-02-12 18:17:52,996 - Akashs-MacBook-Pro.local-motion triggered motion event at 18:17:52.993837 and published image (78.46 KB)
2026-02-12 18:17:53,023 - Saved result image: detection_images/Akashs-MacBook-Pro.local-motion_2026-02-12T18-17-53.021351.jpg
2026-02-12 18:17:53,023 - Image from Akashs-MacBook-Pro.local-motion - Send TS: 18:17:52.993837 - Recv TS: 2026-02-12T18:17:52.996934 - Detect TS: 2026-02-12T18:17:53.021351 - Results: 2 detections
2026-02-12 18:17:53,023 - Detection results published: [{'class': 'person', 'confidence': 0.90869140625}, {'class': 'person', 'confidence': 0.78173828125}]
2026-02-12 18:17:54,389 - Akashs-MacBook-Pro.local-motion triggered motion event at 18:17:54.386463 and published image (84.45 KB)
2026-02-12 18:17:54,422 - Saved result image: detection_images/Akashs-MacBook-Pro.local-motion_2026-02-12T18-17-54.420229.jpg
2026-02-12 18:17:54,422 - Image from Akashs-MacBook-Pro.local-motion - Send TS: 18:17:54.386463 - Recv TS: 2026-02-12T18:17:54.390354 - Detect TS: 2026-02-12T18:17:54.420229 - Results: 2 detections
2026-02-12 18:17:54,422 - Detection results published: [{'class': 'person', 'confidence': 0.90478515625}, {'class': 'person', 'confidence': 0.658203125}]
2026-02-12 18:18:05,601 - Akashs-MacBook-Pro.local-motion triggered motion event at 18:18:05.598735 and published image (83.73 KB)
2026-02-12 18:18:05,636 - Saved result image: detection_images/Akashs-MacBook-Pro.local-motion_2026-02-12T18-18-05.635211.jpg
2026-02-12 18:18:05,636 - Image from Akashs-MacBook-Pro.local-motion - Send TS: 18:18:05.598735 - Recv TS: 2026-02-12T18:18:05.602272 - Detect TS: 2026-02-12T18:18:05.635211 - Results: 1 detections
2026-02-12 18:18:05,637 - Detection results published: [{'class': 'person', 'confidence': 0.9052734375}]
2026-02-12 18:18:07,397 - Akashs-MacBook-Pro.local-motion triggered motion event at 18:18:07.393935 and published image (87.67 KB)
2026-02-12 18:18:07,424 - Saved result image: detection_images/Akashs-MacBook-Pro.local-motion_2026-02-12T18-18-07.422860.jpg
2026-02-12 18:18:07,424 - Image from Akashs-MacBook-Pro.local-motion - Send TS: 18:18:07.393935 - Recv TS: 2026-02-12T18:18:07.397538 - Detect TS: 2026-02-12T18:18:07.422860 - Results: 1 detections
2026-02-12 18:18:07,424 - Detection results published: [{'class': 'person', 'confidence': 0.916015625}]
2026-02-12 18:18:19,603 - Akashs-MacBook-Pro.local-motion triggered motion event at 18:18:19.600352 and published image (78.15 KB)
2026-02-12 18:18:19,638 - Saved result image: detection_images/Akashs-MacBook-Pro.local-motion_2026-02-12T18-18-19.636935.jpg
2026-02-12 18:18:19,638 - Image from Akashs-MacBook-Pro.local-motion - Send TS: 18:18:19.600352 - Recv TS: 2026-02-12T18:18:19.603755 - Detect TS: 2026-02-12T18:18:19.636935 - Results: 2 detections
2026-02-12 18:18:19,638 - Detection results published: [{'class': 'person', 'confidence': 0.91015625}, {'class': 'oven', 'confidence': 0.39599609375}]
2026-02-12 18:18:23,586 - User stopped detection processor with Ctrl+C.
2026-02-12 18:18:39,206 - Akashs-MacBook-Pro.local-motion triggered motion event at 18:18:39.203165 and published image (74.83 KB)
2026-02-12 18:18:39,494 - Akashs-MacBook-Pro.local-motion triggered motion event at 18:18:39.492299 and published image (75.10 KB)
2026-02-12 18:18:39,895 - Akashs-MacBook-Pro.local-motion triggered motion event at 18:18:39.892955 and published image (73.11 KB)
2026-02-12 18:18:40,796 - Akashs-MacBook-Pro.local-motion triggered motion event at 18:18:40.793065 and published image (77.41 KB)
2026-02-12 18:19:04,476 - Akashs-MacBook-Pro.local-motion triggered motion event at 18:19:04.473388 and published image (81.85 KB)
2026-02-12 18:19:05,766 - Akashs-MacBook-Pro.local-motion triggered motion event at 18:19:05.763001 and published image (77.53 KB)
2026-02-12 18:19:09,871 - Akashs-MacBook-Pro.local-motion triggered motion event at 18:19:09.868645 and published image (79.97 KB)
2026-02-12 18:19:22,370 - Akashs-MacBook-Pro.local-motion triggered motion event at 18:19:22.367113 and published image (84.30 KB)
2026-02-12 18:19:24,872 - Akashs-MacBook-Pro.local-motion triggered motion event at 18:19:24.870721 and published image (75.16 KB)
2026-02-12 18:19:26,971 - Akashs-MacBook-Pro.local-motion triggered motion event at 18:19:26.967510 and published image (89.99 KB)
2026-02-12 18:19:47,375 - Akashs-MacBook-Pro.local-motion triggered motion event at 18:19:47.372515 and published image (90.19 KB)
2026-02-12 18:19:52,574 - Akashs-MacBook-Pro.local-motion triggered motion event at 18:19:52.571180 and published image (86.02 KB)
2026-02-12 18:20:05,589 - Akashs-MacBook-Pro.local-motion triggered motion event at 18:20:05.586303 and published image (81.16 KB)
2026-02-12 18:20:15,567 - Akashs-MacBook-Pro.local-motion triggered motion event at 18:20:15.564976 and published image (83.68 KB)
2026-02-12 18:20:21,176 - Akashs-MacBook-Pro.local-motion triggered motion event at 18:20:21.173989 and published image (73.95 KB)
2026-02-12 18:20:22,784 - Akashs-MacBook-Pro.local-motion triggered motion event at 18:20:22.781772 and published image (75.39 KB)
2026-02-12 18:20:23,076 - Akashs-MacBook-Pro.local-motion triggered motion event at 18:20:23.074355 and published image (74.75 KB)
2026-02-12 18:20:29,077 - Akashs-MacBook-Pro.local-motion triggered motion event at 18:20:29.074232 and published image (88.79 KB)
2026-02-12 18:20:40,579 - Akashs-MacBook-Pro.local-motion triggered motion event at 18:20:40.577141 and published image (87.55 KB)
2026-02-12 18:20:42,277 - Akashs-MacBook-Pro.local-motion triggered motion event at 18:20:42.274870 and published image (87.86 KB)
2026-02-12 18:20:52,487 - Akashs-MacBook-Pro.local-motion triggered motion event at 18:20:52.485084 and published image (74.69 KB)
2026-02-12 18:21:02,071 - Akashs-MacBook-Pro.local-motion triggered motion event at 18:21:02.068765 and published image (84.21 KB)
2026-02-12 18:21:02,577 - Akashs-MacBook-Pro.local-motion triggered motion event at 18:21:02.574194 and published image (85.30 KB)
2026-02-12 18:21:32,780 - Akashs-MacBook-Pro.local-motion triggered motion event at 18:21:32.777277 and published image (82.14 KB)
2026-02-12 18:21:52,388 - Akashs-MacBook-Pro.local-motion triggered motion event at 18:21:52.387016 and published image (84.54 KB)
2026-02-12 18:21:53,992 - Akashs-MacBook-Pro.local-motion triggered motion event at 18:21:53.989511 and published image (81.98 KB)
2026-02-12 18:21:54,193 - Akashs-MacBook-Pro.local-motion triggered motion event at 18:21:54.191105 and published image (84.41 KB)
2026-02-12 18:21:54,398 - Akashs-MacBook-Pro.local-motion triggered motion event at 18:21:54.396025 and published image (82.80 KB)
2026-02-12 18:21:54,787 - Akashs-MacBook-Pro.local-motion triggered motion event at 18:21:54.784584 and published image (84.45 KB)
2026-02-12 18:22:06,300 - Akashs-MacBook-Pro.local-motion triggered motion event at 18:22:06.298196 and published image (87.00 KB)
2026-02-12 18:22:07,986 - Akashs-MacBook-Pro.local-motion triggered motion event at 18:22:07.984211 and published image (87.26 KB)
2026-02-12 18:22:14,590 - Akashs-MacBook-Pro.local-motion triggered motion event at 18:22:14.587633 and published image (88.52 KB)
2026-02-12 18:22:14,987 - Akashs-MacBook-Pro.local-motion triggered motion event at 18:22:14.985363 and published image (91.96 KB)
2026-02-12 18:22:15,373 - Akashs-MacBook-Pro.local-motion triggered motion event at 18:22:15.370757 and published image (72.19 KB)
2026-02-12 18:22:17,388 - Akashs-MacBook-Pro.local-motion triggered motion event at 18:22:17.385919 and published image (79.16 KB)
2026-02-12 18:22:18,101 - Akashs-MacBook-Pro.local-motion triggered motion event at 18:22:18.098400 and published image (79.53 KB)
2026-02-12 18:22:21,699 - Akashs-MacBook-Pro.local-motion triggered motion event at 18:22:21.696514 and published image (79.70 KB)
2026-02-12 18:22:23,801 - Akashs-MacBook-Pro.local-motion triggered motion event at 18:22:23.799969 and published image (70.97 KB)
2026-02-12 18:22:35,794 - Akashs-MacBook-Pro.local-motion triggered motion event at 18:22:35.792010 and published image (81.53 KB)
2026-02-12 18:22:42,400 - Akashs-MacBook-Pro.local-motion triggered motion event at 18:22:42.397656 and published image (82.83 KB)
2026-02-12 18:22:54,503 - Akashs-MacBook-Pro.local-motion triggered motion event at 18:22:54.499848 and published image (84.15 KB)
2026-02-12 18:22:56,810 - Akashs-MacBook-Pro.local-motion triggered motion event at 18:22:56.808417 and published image (74.73 KB)
2026-02-12 18:22:58,405 - Akashs-MacBook-Pro.local-motion triggered motion event at 18:22:58.402538 and published image (80.84 KB)
2026-02-12 18:22:59,088 - Akashs-MacBook-Pro.local-motion triggered motion event at 18:22:59.086047 and published image (76.50 KB)
2026-02-12 18:23:03,691 - Akashs-MacBook-Pro.local-motion triggered motion event at 18:23:03.688502 and published image (77.88 KB)
2026-02-12 18:23:08,793 - Akashs-MacBook-Pro.local-motion triggered motion event at 18:23:08.791204 and published image (79.55 KB)
2026-02-12 18:23:24,093 - Akashs-MacBook-Pro.local-motion triggered motion event at 18:23:24.090998 and published image (89.38 KB)
2026-02-12 18:23:26,312 - Akashs-MacBook-Pro.local-motion triggered motion event at 18:23:26.310051 and published image (89.09 KB)
2026-02-12 18:23:32,394 - Akashs-MacBook-Pro.local-motion triggered motion event at 18:23:32.392445 and published image (84.34 KB)
2026-02-12 18:23:34,306 - Akashs-MacBook-Pro.local-motion triggered motion event at 18:23:34.303194 and published image (80.78 KB)
2026-02-12 18:23:36,003 - Akashs-MacBook-Pro.local-motion triggered motion event at 18:23:36.000453 and published image (86.13 KB)
2026-02-12 18:23:57,375 - Akashs-MacBook-Pro.local-motion triggered motion event at 18:23:57.372525 and published image (89.70 KB)
2026-02-12 18:24:01,274 - Akashs-MacBook-Pro.local-motion triggered motion event at 18:24:01.271917 and published image (86.04 KB)
2026-02-12 18:24:05,378 - Akashs-MacBook-Pro.local-motion triggered motion event at 18:24:05.375337 and published image (85.18 KB)
2026-02-12 18:24:06,264 - Akashs-MacBook-Pro.local-motion triggered motion event at 18:24:06.261342 and published image (84.08 KB)
2026-02-12 18:24:07,572 - Akashs-MacBook-Pro.local-motion triggered motion event at 18:24:07.569097 and published image (88.31 KB)
2026-02-12 18:24:22,364 - Akashs-MacBook-Pro.local-motion triggered motion event at 18:24:22.361159 and published image (83.09 KB)
2026-02-12 18:24:30,779 - Akashs-MacBook-Pro.local-motion triggered motion event at 18:24:30.774921 and published image (79.47 KB)
2026-02-12 18:24:31,780 - Akashs-MacBook-Pro.local-motion triggered motion event at 18:24:31.777890 and published image (86.39 KB)
2026-02-12 18:24:45,667 - Akashs-MacBook-Pro.local-motion triggered motion event at 18:24:45.663814 and published image (83.76 KB)
2026-02-12 18:24:47,375 - Akashs-MacBook-Pro.local-motion triggered motion event at 18:24:47.372444 and published image (84.69 KB)
2026-02-12 18:24:58,971 - Akashs-MacBook-Pro.local-motion triggered motion event at 18:24:58.969341 and published image (83.24 KB)
2026-02-12 18:25:00,980 - Akashs-MacBook-Pro.local-motion triggered motion event at 18:25:00.977686 and published image (84.05 KB)
2026-02-12 18:25:05,979 - Akashs-MacBook-Pro.local-motion triggered motion event at 18:25:05.976564 and published image (78.35 KB)
2026-02-12 18:25:08,185 - Akashs-MacBook-Pro.local-motion triggered motion event at 18:25:08.182978 and published image (76.88 KB)
2026-02-12 18:25:09,874 - Akashs-MacBook-Pro.local-motion triggered motion event at 18:25:09.871976 and published image (70.28 KB)
2026-02-12 18:25:12,383 - Akashs-MacBook-Pro.local-motion triggered motion event at 18:25:12.379899 and published image (66.69 KB)
2026-02-12 18:25:19,771 - Akashs-MacBook-Pro.local-motion triggered motion event at 18:25:19.768388 and published image (88.33 KB)
2026-02-12 18:25:24,671 - Akashs-MacBook-Pro.local-motion triggered motion event at 18:25:24.669293 and published image (88.06 KB)
2026-02-12 18:25:26,077 - Akashs-MacBook-Pro.local-motion triggered motion event at 18:25:26.074960 and published image (84.96 KB)
2026-02-12 18:25:29,456 - Akashs-MacBook-Pro.local-motion triggered motion event at 18:25:29.453398 and published image (87.09 KB)
2026-02-12 18:25:30,269 - [DET_PUB:Akashs-MacBook-Pro.local-detection] Listening on tcp://*:5558
2026-02-12 18:25:30,269 - [SUB:Akashs-MacBook-Pro.local-detection] Subscribing to motion images on port 5557
2026-02-12 18:25:30,269 - [PUB:Akashs-MacBook-Pro.local-detection] Local IP: 130.231.169.240
2026-02-12 18:25:37,885 - Akashs-MacBook-Pro.local-motion triggered motion event at 18:25:37.883436 and published image (78.37 KB)
2026-02-12 18:25:37,951 - Saved result image: detection_images/Akashs-MacBook-Pro.local-motion_2026-02-12T18-25-37.949716.jpg
2026-02-12 18:25:37,952 - Image from Akashs-MacBook-Pro.local-motion - Send TS: 18:25:37.883436 - Recv TS: 2026-02-12T18:25:37.886504 - Detect TS: 2026-02-12T18:25:37.949716 - Results: 3 detections
2026-02-12 18:25:37,952 - Detection results published: [{'class': 'person', 'confidence': 0.9140625}, {'class': 'donut', 'confidence': 0.462158203125}, {'class': 'oven', 'confidence': 0.435302734375}]
2026-02-12 18:26:19,086 - Akashs-MacBook-Pro.local-motion triggered motion event at 18:26:19.083028 and published image (88.80 KB)
2026-02-12 18:26:19,120 - Saved result image: detection_images/Akashs-MacBook-Pro.local-motion_2026-02-12T18-26-19.118517.jpg
2026-02-12 18:26:19,120 - Image from Akashs-MacBook-Pro.local-motion - Send TS: 18:26:19.083028 - Recv TS: 2026-02-12T18:26:19.086435 - Detect TS: 2026-02-12T18:26:19.118517 - Results: 2 detections
2026-02-12 18:26:19,120 - Detection results published: [{'class': 'person', 'confidence': 0.91259765625}, {'class': 'oven', 'confidence': 0.5869140625}]
