2026-02-11 21:11:54,843 - [PUB:jetson-motion] Listening on tcp://*:5555
2026-02-11 21:11:54,843 - [PUB:jetson-motion] Local IP: 192.168.0.157
2026-02-11 21:11:58,316 - Starting motion detection... Press Ctrl+C to stop.
2026-02-11 21:12:08,655 - Incomplete frame received. Try again...
2026-02-11 21:12:13,850 - [PUB:jetson-motion] Listening on tcp://*:5555
2026-02-11 21:12:13,851 - [PUB:jetson-motion] Local IP: 192.168.0.157
2026-02-11 21:12:24,208 - Starting motion detection... Press Ctrl+C to stop.
2026-02-11 21:12:26,866 - [PUB:jetson-motion] Listening on tcp://*:5555
2026-02-11 21:12:26,866 - [PUB:jetson-motion] Local IP: 192.168.0.157
2026-02-11 21:12:37,231 - Starting motion detection... Press Ctrl+C to stop.
2026-02-11 21:12:52,204 - [PUB:jetson-motion] Listening on tcp://*:5555
2026-02-11 21:12:52,204 - [PUB:jetson-motion] Local IP: 192.168.0.157
2026-02-11 21:12:57,664 - Starting motion detection... Press Ctrl+C to stop.
2026-02-11 21:13:01,753 - jetson-motion detected motion at 21:13:01.752220: sent flag 1 and image (74.35 KB)
2026-02-11 21:13:08,757 - jetson-motion detected motion at 21:13:08.756553: sent flag 1 and image (71.14 KB)
2026-02-11 21:13:13,688 - jetson-motion detected motion at 21:13:13.687241: sent flag 1 and image (69.42 KB)
2026-02-11 21:13:18,716 - jetson-motion detected motion at 21:13:18.715558: sent flag 1 and image (69.82 KB)
2026-02-11 21:13:24,683 - jetson-motion detected motion at 21:13:24.682180: sent flag 1 and image (71.20 KB)
2026-02-11 21:13:29,726 - jetson-motion detected motion at 21:13:29.724867: sent flag 1 and image (70.28 KB)
2026-02-11 21:13:42,682 - jetson-motion detected motion at 21:13:42.681854: sent flag 1 and image (65.42 KB)
2026-02-11 21:13:47,683 - jetson-motion detected motion at 21:13:47.682931: sent flag 1 and image (70.74 KB)
2026-02-11 21:13:56,694 - jetson-motion detected motion at 21:13:56.693065: sent flag 1 and image (63.38 KB)
2026-02-11 21:14:00,692 - jetson-motion detected motion at 21:14:00.691115: sent flag 1 and image (67.55 KB)
2026-02-11 21:14:06,758 - jetson-motion detected motion at 21:14:06.756979: sent flag 1 and image (66.83 KB)
2026-02-11 21:14:14,683 - jetson-motion detected motion at 21:14:14.681562: sent flag 1 and image (70.77 KB)
2026-02-11 21:14:27,728 - jetson-motion detected motion at 21:14:27.727878: sent flag 1 and image (67.28 KB)
2026-02-11 21:14:31,690 - jetson-motion detected motion at 21:14:31.689547: sent flag 1 and image (64.66 KB)
2026-02-11 21:14:35,474 - User Stopped motion detection with ctrl+c.
2026-02-11 21:19:09,334 - [PUB:jetson-motion] Listening on tcp://*:5555
2026-02-11 21:19:09,334 - [PUB:jetson-motion] Local IP: 192.168.0.157
2026-02-11 21:19:14,734 - Starting motion detection... Press Ctrl+C to stop.
2026-02-11 21:19:29,749 - jetson-motion triggered motion event at 21:19:29.748237 and published image (67.95 KB)
2026-02-11 21:19:32,764 - jetson-motion triggered motion event at 21:19:32.763708 and published image (71.94 KB)
2026-02-11 21:19:40,773 - jetson-motion triggered motion event at 21:19:40.772472 and published image (70.92 KB)
2026-02-11 21:19:45,767 - jetson-motion triggered motion event at 21:19:45.766069 and published image (74.11 KB)
2026-02-11 21:19:47,769 - jetson-motion triggered motion event at 21:19:47.767982 and published image (74.32 KB)
2026-02-11 21:19:49,846 - jetson-motion triggered motion event at 21:19:49.843959 and published image (75.29 KB)
2026-02-11 21:19:52,803 - jetson-motion triggered motion event at 21:19:52.802123 and published image (72.36 KB)
2026-02-11 21:19:54,770 - jetson-motion triggered motion event at 21:19:54.769248 and published image (73.34 KB)
2026-02-11 21:20:00,865 - jetson-motion triggered motion event at 21:20:00.864055 and published image (71.10 KB)
2026-02-11 21:20:02,767 - jetson-motion triggered motion event at 21:20:02.766547 and published image (73.42 KB)
2026-02-11 21:20:07,739 - jetson-motion triggered motion event at 21:20:07.738439 and published image (74.58 KB)
2026-02-11 21:20:11,742 - jetson-motion triggered motion event at 21:20:11.740613 and published image (73.96 KB)
2026-02-11 21:20:13,770 - jetson-motion triggered motion event at 21:20:13.769596 and published image (70.34 KB)
2026-02-11 21:20:15,736 - jetson-motion triggered motion event at 21:20:15.735289 and published image (71.73 KB)
2026-02-11 21:20:18,743 - jetson-motion triggered motion event at 21:20:18.742671 and published image (74.02 KB)
2026-02-11 21:20:21,726 - jetson-motion triggered motion event at 21:20:21.725092 and published image (70.31 KB)
2026-02-11 21:20:23,723 - jetson-motion triggered motion event at 21:20:23.722733 and published image (72.24 KB)
2026-02-11 21:20:33,736 - jetson-motion triggered motion event at 21:20:33.735525 and published image (71.91 KB)
2026-02-11 21:20:35,781 - jetson-motion triggered motion event at 21:20:35.780557 and published image (72.90 KB)
2026-02-11 21:20:43,735 - jetson-motion triggered motion event at 21:20:43.734388 and published image (73.16 KB)
2026-02-11 21:20:49,739 - jetson-motion triggered motion event at 21:20:49.738212 and published image (68.23 KB)
2026-02-11 21:20:51,735 - jetson-motion triggered motion event at 21:20:51.732880 and published image (68.25 KB)
2026-02-11 21:20:54,737 - jetson-motion triggered motion event at 21:20:54.736589 and published image (70.60 KB)
2026-02-11 21:20:58,743 - jetson-motion triggered motion event at 21:20:58.742613 and published image (71.98 KB)
2026-02-11 21:21:01,745 - jetson-motion triggered motion event at 21:21:01.744431 and published image (72.69 KB)
2026-02-11 21:21:09,751 - jetson-motion triggered motion event at 21:21:09.750024 and published image (71.00 KB)
2026-02-11 21:21:16,739 - jetson-motion triggered motion event at 21:21:16.738299 and published image (72.16 KB)
2026-02-11 21:21:20,737 - jetson-motion triggered motion event at 21:21:20.736497 and published image (69.83 KB)
2026-02-11 21:21:26,733 - jetson-motion triggered motion event at 21:21:26.732462 and published image (72.25 KB)
2026-02-11 21:21:29,794 - jetson-motion triggered motion event at 21:21:29.793165 and published image (70.88 KB)
2026-02-11 21:21:32,753 - jetson-motion triggered motion event at 21:21:32.752697 and published image (72.20 KB)
2026-02-11 21:21:36,797 - jetson-motion triggered motion event at 21:21:36.796625 and published image (69.89 KB)
2026-02-11 21:21:43,741 - jetson-motion triggered motion event at 21:21:43.740354 and published image (72.25 KB)
2026-02-11 21:21:48,739 - jetson-motion triggered motion event at 21:21:48.739035 and published image (69.70 KB)
2026-02-11 21:21:54,752 - jetson-motion triggered motion event at 21:21:54.751860 and published image (66.80 KB)
2026-02-11 21:21:56,741 - jetson-motion triggered motion event at 21:21:56.740059 and published image (69.81 KB)
2026-02-11 21:22:04,741 - jetson-motion triggered motion event at 21:22:04.741114 and published image (68.81 KB)
2026-02-11 21:22:06,749 - jetson-motion triggered motion event at 21:22:06.748698 and published image (68.23 KB)
2026-02-11 21:22:09,737 - jetson-motion triggered motion event at 21:22:09.736836 and published image (67.21 KB)
2026-02-11 21:22:14,748 - jetson-motion triggered motion event at 21:22:14.747808 and published image (70.21 KB)
2026-02-11 21:22:19,783 - jetson-motion triggered motion event at 21:22:19.782329 and published image (68.24 KB)
2026-02-11 21:22:24,846 - jetson-motion triggered motion event at 21:22:24.842422 and published image (70.80 KB)
2026-02-11 21:22:40,759 - jetson-motion triggered motion event at 21:22:40.758728 and published image (72.08 KB)
2026-02-11 21:22:46,751 - jetson-motion triggered motion event at 21:22:46.750327 and published image (72.31 KB)
2026-02-11 21:22:49,747 - jetson-motion triggered motion event at 21:22:49.746860 and published image (72.48 KB)
2026-02-11 21:22:51,769 - jetson-motion triggered motion event at 21:22:51.768548 and published image (70.28 KB)
2026-02-11 21:22:53,755 - jetson-motion triggered motion event at 21:22:53.754879 and published image (72.17 KB)
2026-02-11 21:22:57,745 - jetson-motion triggered motion event at 21:22:57.744542 and published image (74.48 KB)
2026-02-11 21:22:59,756 - jetson-motion triggered motion event at 21:22:59.755938 and published image (72.41 KB)
2026-02-11 21:23:02,778 - jetson-motion triggered motion event at 21:23:02.777669 and published image (73.09 KB)
2026-02-11 21:23:05,748 - jetson-motion triggered motion event at 21:23:05.746811 and published image (72.83 KB)
2026-02-11 21:23:08,758 - jetson-motion triggered motion event at 21:23:08.757456 and published image (70.12 KB)
2026-02-11 21:23:20,752 - jetson-motion triggered motion event at 21:23:20.751260 and published image (71.88 KB)
2026-02-11 21:23:24,794 - jetson-motion triggered motion event at 21:23:24.793906 and published image (68.50 KB)
2026-02-11 21:23:27,755 - jetson-motion triggered motion event at 21:23:27.754072 and published image (68.60 KB)
2026-02-11 21:23:30,748 - jetson-motion triggered motion event at 21:23:30.747556 and published image (71.11 KB)
2026-02-11 21:23:34,758 - jetson-motion triggered motion event at 21:23:34.757609 and published image (70.58 KB)
2026-02-11 21:23:37,756 - jetson-motion triggered motion event at 21:23:37.755515 and published image (65.79 KB)
2026-02-11 21:23:44,744 - jetson-motion triggered motion event at 21:23:44.743205 and published image (66.64 KB)
2026-02-11 21:23:48,744 - jetson-motion triggered motion event at 21:23:48.743588 and published image (67.21 KB)
2026-02-11 21:23:50,812 - jetson-motion triggered motion event at 21:23:50.812167 and published image (63.26 KB)
2026-02-11 21:24:00,782 - jetson-motion triggered motion event at 21:24:00.781587 and published image (69.23 KB)
2026-02-11 21:24:04,756 - jetson-motion triggered motion event at 21:24:04.755589 and published image (73.21 KB)
2026-02-11 21:24:06,762 - jetson-motion triggered motion event at 21:24:06.761864 and published image (69.66 KB)
2026-02-11 21:24:09,762 - jetson-motion triggered motion event at 21:24:09.761031 and published image (68.50 KB)
2026-02-11 21:24:12,836 - jetson-motion triggered motion event at 21:24:12.835650 and published image (66.97 KB)
2026-02-11 21:24:17,763 - jetson-motion triggered motion event at 21:24:17.761935 and published image (68.79 KB)
2026-02-11 21:24:23,760 - jetson-motion triggered motion event at 21:24:23.759214 and published image (67.30 KB)
2026-02-11 21:24:30,766 - jetson-motion triggered motion event at 21:24:30.765720 and published image (68.56 KB)
2026-02-11 21:24:33,811 - jetson-motion triggered motion event at 21:24:33.810399 and published image (71.35 KB)
2026-02-11 21:24:42,764 - jetson-motion triggered motion event at 21:24:42.763413 and published image (71.60 KB)
2026-02-11 21:24:51,831 - jetson-motion triggered motion event at 21:24:51.830460 and published image (73.41 KB)
2026-02-11 21:24:59,768 - jetson-motion triggered motion event at 21:24:59.767597 and published image (67.85 KB)
2026-02-11 21:25:04,748 - jetson-motion triggered motion event at 21:25:04.747202 and published image (70.81 KB)
2026-02-11 21:25:07,734 - jetson-motion triggered motion event at 21:25:07.732878 and published image (72.99 KB)
2026-02-11 21:25:12,800 - jetson-motion triggered motion event at 21:25:12.799598 and published image (69.59 KB)
2026-02-11 21:25:15,758 - jetson-motion triggered motion event at 21:25:15.757213 and published image (71.08 KB)
2026-02-11 21:25:17,722 - jetson-motion triggered motion event at 21:25:17.721478 and published image (72.27 KB)
2026-02-11 21:25:20,730 - jetson-motion triggered motion event at 21:25:20.729347 and published image (71.19 KB)
2026-02-11 21:25:26,766 - jetson-motion triggered motion event at 21:25:26.765357 and published image (71.61 KB)
2026-02-11 21:25:32,741 - jetson-motion triggered motion event at 21:25:32.740764 and published image (70.87 KB)
2026-02-11 21:25:39,736 - jetson-motion triggered motion event at 21:25:39.734867 and published image (71.35 KB)
2026-02-11 21:25:45,729 - jetson-motion triggered motion event at 21:25:45.728772 and published image (70.69 KB)
2026-02-11 21:25:48,787 - jetson-motion triggered motion event at 21:25:48.785910 and published image (70.89 KB)
2026-02-11 21:25:54,747 - jetson-motion triggered motion event at 21:25:54.746494 and published image (72.99 KB)
2026-02-11 21:25:58,748 - jetson-motion triggered motion event at 21:25:58.747361 and published image (72.59 KB)
2026-02-11 21:26:10,800 - jetson-motion triggered motion event at 21:26:10.800188 and published image (73.25 KB)
2026-02-11 21:26:18,744 - jetson-motion triggered motion event at 21:26:18.743436 and published image (70.82 KB)
2026-02-11 21:26:22,740 - jetson-motion triggered motion event at 21:26:22.739246 and published image (73.41 KB)
2026-02-11 21:26:27,781 - jetson-motion triggered motion event at 21:26:27.779916 and published image (69.00 KB)
2026-02-11 21:26:30,752 - jetson-motion triggered motion event at 21:26:30.751061 and published image (72.71 KB)
2026-02-11 21:26:37,740 - jetson-motion triggered motion event at 21:26:37.739436 and published image (69.57 KB)
2026-02-11 21:26:41,756 - jetson-motion triggered motion event at 21:26:41.755118 and published image (74.29 KB)
2026-02-11 21:26:45,751 - jetson-motion triggered motion event at 21:26:45.750522 and published image (67.00 KB)
2026-02-11 21:26:50,743 - jetson-motion triggered motion event at 21:26:50.742490 and published image (66.25 KB)
2026-02-11 21:26:58,750 - jetson-motion triggered motion event at 21:26:58.749194 and published image (73.62 KB)
2026-02-11 21:27:02,741 - jetson-motion triggered motion event at 21:27:02.740100 and published image (73.50 KB)
2026-02-11 21:27:11,816 - jetson-motion triggered motion event at 21:27:11.815380 and published image (71.69 KB)
2026-02-11 21:27:14,772 - jetson-motion triggered motion event at 21:27:14.771432 and published image (71.88 KB)
2026-02-11 21:27:16,741 - jetson-motion triggered motion event at 21:27:16.740497 and published image (73.06 KB)
2026-02-11 21:27:21,776 - jetson-motion triggered motion event at 21:27:21.775285 and published image (73.83 KB)
2026-02-11 21:27:24,744 - jetson-motion triggered motion event at 21:27:24.743424 and published image (74.76 KB)
2026-02-11 21:27:31,749 - jetson-motion triggered motion event at 21:27:31.748595 and published image (69.16 KB)
2026-02-11 21:27:39,749 - jetson-motion triggered motion event at 21:27:39.748067 and published image (68.87 KB)
2026-02-11 21:27:47,801 - jetson-motion triggered motion event at 21:27:47.799987 and published image (72.74 KB)
2026-02-11 21:27:52,745 - jetson-motion triggered motion event at 21:27:52.744140 and published image (69.97 KB)
2026-02-11 21:28:05,813 - jetson-motion triggered motion event at 21:28:05.812246 and published image (68.88 KB)
2026-02-11 21:28:13,747 - jetson-motion triggered motion event at 21:28:13.746224 and published image (69.75 KB)
2026-02-11 21:28:22,752 - jetson-motion triggered motion event at 21:28:22.751146 and published image (67.66 KB)
2026-02-11 21:28:26,789 - jetson-motion triggered motion event at 21:28:26.788113 and published image (62.25 KB)
2026-02-11 21:28:31,839 - jetson-motion triggered motion event at 21:28:31.838698 and published image (71.12 KB)
2026-02-11 21:28:35,752 - jetson-motion triggered motion event at 21:28:35.751424 and published image (71.56 KB)
2026-02-11 21:28:37,810 - jetson-motion triggered motion event at 21:28:37.809331 and published image (67.49 KB)
2026-02-11 21:28:47,763 - jetson-motion triggered motion event at 21:28:47.762685 and published image (67.24 KB)
2026-02-11 21:28:58,770 - jetson-motion triggered motion event at 21:28:58.769576 and published image (69.41 KB)
2026-02-11 21:29:06,760 - jetson-motion triggered motion event at 21:29:06.759259 and published image (69.40 KB)
2026-02-11 21:29:08,769 - jetson-motion triggered motion event at 21:29:08.768111 and published image (70.43 KB)
2026-02-11 21:29:10,828 - jetson-motion triggered motion event at 21:29:10.827836 and published image (71.45 KB)
2026-02-11 21:29:13,787 - jetson-motion triggered motion event at 21:29:13.786009 and published image (73.25 KB)
2026-02-11 21:29:23,764 - jetson-motion triggered motion event at 21:29:23.763315 and published image (69.88 KB)
2026-02-11 21:29:27,765 - jetson-motion triggered motion event at 21:29:27.764183 and published image (71.81 KB)
2026-02-11 21:29:33,766 - jetson-motion triggered motion event at 21:29:33.764953 and published image (75.37 KB)
2026-02-11 21:29:36,854 - jetson-motion triggered motion event at 21:29:36.852792 and published image (73.28 KB)
2026-02-11 21:29:38,768 - jetson-motion triggered motion event at 21:29:38.767154 and published image (77.57 KB)
2026-02-11 21:29:47,773 - jetson-motion triggered motion event at 21:29:47.772493 and published image (74.82 KB)
2026-02-11 21:29:52,778 - jetson-motion triggered motion event at 21:29:52.777314 and published image (68.25 KB)
2026-02-11 21:30:10,737 - jetson-motion triggered motion event at 21:30:10.736166 and published image (67.57 KB)
2026-02-11 21:30:14,793 - jetson-motion triggered motion event at 21:30:14.792016 and published image (69.23 KB)
2026-02-11 21:30:21,734 - jetson-motion triggered motion event at 21:30:21.733467 and published image (72.54 KB)
2026-02-11 21:30:30,736 - jetson-motion triggered motion event at 21:30:30.735240 and published image (70.91 KB)
2026-02-11 21:30:42,741 - jetson-motion triggered motion event at 21:30:42.740091 and published image (70.28 KB)
2026-02-11 21:30:46,776 - jetson-motion triggered motion event at 21:30:46.774962 and published image (68.28 KB)
2026-02-11 21:30:48,737 - jetson-motion triggered motion event at 21:30:48.736351 and published image (68.86 KB)
2026-02-11 21:30:55,740 - jetson-motion triggered motion event at 21:30:55.739145 and published image (70.06 KB)
2026-02-11 21:30:58,742 - jetson-motion triggered motion event at 21:30:58.741096 and published image (68.31 KB)
2026-02-11 21:31:01,787 - jetson-motion triggered motion event at 21:31:01.786766 and published image (69.39 KB)
2026-02-11 21:31:05,746 - jetson-motion triggered motion event at 21:31:05.745393 and published image (72.13 KB)
2026-02-11 21:31:11,758 - jetson-motion triggered motion event at 21:31:11.757353 and published image (64.60 KB)
2026-02-11 21:31:20,741 - jetson-motion triggered motion event at 21:31:20.740680 and published image (66.75 KB)
2026-02-11 21:31:25,752 - jetson-motion triggered motion event at 21:31:25.750577 and published image (71.01 KB)
2026-02-11 21:31:33,769 - jetson-motion triggered motion event at 21:31:33.768727 and published image (69.17 KB)
2026-02-11 21:31:36,747 - jetson-motion triggered motion event at 21:31:36.746222 and published image (68.48 KB)
2026-02-11 21:31:42,740 - jetson-motion triggered motion event at 21:31:42.739503 and published image (71.02 KB)
2026-02-11 21:31:44,782 - jetson-motion triggered motion event at 21:31:44.781562 and published image (68.31 KB)
2026-02-11 21:31:48,742 - jetson-motion triggered motion event at 21:31:48.742342 and published image (70.04 KB)
2026-02-11 21:31:55,790 - jetson-motion triggered motion event at 21:31:55.789472 and published image (74.20 KB)
2026-02-11 21:31:59,747 - jetson-motion triggered motion event at 21:31:59.746005 and published image (81.17 KB)
2026-02-11 21:32:09,744 - jetson-motion triggered motion event at 21:32:09.743591 and published image (78.90 KB)
2026-02-11 21:32:11,749 - jetson-motion triggered motion event at 21:32:11.748880 and published image (77.42 KB)
2026-02-11 21:32:17,810 - jetson-motion triggered motion event at 21:32:17.809166 and published image (71.17 KB)
2026-02-11 21:32:32,752 - jetson-motion triggered motion event at 21:32:32.751152 and published image (72.24 KB)
2026-02-11 21:32:35,752 - jetson-motion triggered motion event at 21:32:35.751634 and published image (68.00 KB)
2026-02-11 21:32:49,794 - jetson-motion triggered motion event at 21:32:49.793080 and published image (72.82 KB)
2026-02-11 21:32:52,753 - jetson-motion triggered motion event at 21:32:52.752004 and published image (68.51 KB)
2026-02-11 21:33:03,754 - jetson-motion triggered motion event at 21:33:03.753488 and published image (69.78 KB)
2026-02-11 21:33:11,813 - jetson-motion triggered motion event at 21:33:11.812459 and published image (67.46 KB)
2026-02-11 21:33:16,764 - jetson-motion triggered motion event at 21:33:16.763674 and published image (66.70 KB)
2026-02-11 21:33:25,755 - jetson-motion triggered motion event at 21:33:25.754680 and published image (69.55 KB)
2026-02-11 21:33:36,759 - jetson-motion triggered motion event at 21:33:36.758198 and published image (67.84 KB)
2026-02-11 21:33:42,760 - jetson-motion triggered motion event at 21:33:42.759279 and published image (71.80 KB)
2026-02-11 21:33:47,765 - jetson-motion triggered motion event at 21:33:47.764219 and published image (68.07 KB)
2026-02-11 21:33:51,752 - jetson-motion triggered motion event at 21:33:51.751207 and published image (70.93 KB)
2026-02-11 21:33:56,760 - jetson-motion triggered motion event at 21:33:56.758984 and published image (68.76 KB)
2026-02-11 21:34:04,772 - jetson-motion triggered motion event at 21:34:04.771168 and published image (69.61 KB)
2026-02-11 21:34:08,967 - User Stopped motion detection with ctrl+c.
